<?xml version="1.0" encoding="UTF-8"?>
<coverage generated="1721303560555" clover="3.2.0">
  <project timestamp="1721303560555" name="All files">
    <metrics statements="199" coveredstatements="164" conditionals="42" coveredconditionals="30" methods="70" coveredmethods="49" elements="311" coveredelements="243" complexity="0" loc="199" ncloc="199" packages="1" files="8" classes="8"/>
    <file name="a_excellence.js" path="/Users/Richard/Documents/CAI/Code/e210/src/a_excellence.js">
      <metrics statements="23" coveredstatements="23" conditionals="0" coveredconditionals="0" methods="5" coveredmethods="5"/>
      <line num="13" count="1" type="stmt"/>
      <line num="14" count="1" type="stmt"/>
      <line num="15" count="1" type="stmt"/>
      <line num="16" count="1" type="stmt"/>
      <line num="17" count="1" type="stmt"/>
      <line num="18" count="1" type="stmt"/>
      <line num="19" count="1" type="stmt"/>
      <line num="20" count="1" type="stmt"/>
      <line num="21" count="1" type="stmt"/>
      <line num="26" count="1" type="stmt"/>
      <line num="27" count="1" type="stmt"/>
      <line num="28" count="1" type="stmt"/>
      <line num="29" count="1" type="stmt"/>
      <line num="30" count="1" type="stmt"/>
      <line num="31" count="1" type="stmt"/>
      <line num="32" count="1" type="stmt"/>
      <line num="33" count="1" type="stmt"/>
      <line num="38" count="1" type="stmt"/>
      <line num="39" count="1" type="stmt"/>
      <line num="40" count="1" type="stmt"/>
      <line num="41" count="1" type="stmt"/>
      <line num="42" count="1" type="stmt"/>
      <line num="47" count="1" type="stmt"/>
    </file>
    <file name="a_value.js" path="/Users/Richard/Documents/CAI/Code/e210/src/a_value.js">
      <metrics statements="1" coveredstatements="1" conditionals="0" coveredconditionals="0" methods="2" coveredmethods="2"/>
      <line num="4" count="1" type="stmt"/>
    </file>
    <file name="app.js" path="/Users/Richard/Documents/CAI/Code/e210/src/app.js">
      <metrics statements="24" coveredstatements="20" conditionals="2" coveredconditionals="1" methods="17" coveredmethods="15"/>
      <line num="30" count="9" type="stmt"/>
      <line num="72" count="7" type="stmt"/>
      <line num="76" count="0" type="stmt"/>
      <line num="80" count="7" type="stmt"/>
      <line num="84" count="7" type="stmt"/>
      <line num="88" count="7" type="stmt"/>
      <line num="89" count="7" type="stmt"/>
      <line num="92" count="7" type="stmt"/>
      <line num="96" count="5" type="stmt"/>
      <line num="97" count="5" type="stmt"/>
      <line num="101" count="5" type="stmt"/>
      <line num="102" count="5" type="stmt"/>
      <line num="103" count="5" type="stmt"/>
      <line num="107" count="7" type="stmt"/>
      <line num="111" count="3" type="stmt"/>
      <line num="115" count="1" type="stmt"/>
      <line num="119" count="2" type="stmt"/>
      <line num="123" count="2" type="stmt"/>
      <line num="127" count="1" type="stmt"/>
      <line num="131" count="1" type="stmt"/>
      <line num="136" count="1" type="cond" truecount="1" falsecount="1"/>
      <line num="137" count="0" type="stmt"/>
      <line num="138" count="0" type="stmt"/>
      <line num="139" count="0" type="stmt"/>
    </file>
    <file name="card.js" path="/Users/Richard/Documents/CAI/Code/e210/src/card.js">
      <metrics statements="35" coveredstatements="16" conditionals="0" coveredconditionals="0" methods="19" coveredmethods="4"/>
      <line num="31" count="1" type="stmt"/>
      <line num="32" count="1" type="stmt"/>
      <line num="33" count="1" type="stmt"/>
      <line num="35" count="1" type="stmt"/>
      <line num="69" count="1" type="stmt"/>
      <line num="70" count="1" type="stmt"/>
      <line num="71" count="1" type="stmt"/>
      <line num="72" count="1" type="stmt"/>
      <line num="78" count="1" type="stmt"/>
      <line num="79" count="1" type="stmt"/>
      <line num="83" count="0" type="stmt"/>
      <line num="84" count="0" type="stmt"/>
      <line num="88" count="0" type="stmt"/>
      <line num="89" count="0" type="stmt"/>
      <line num="93" count="0" type="stmt"/>
      <line num="94" count="0" type="stmt"/>
      <line num="98" count="0" type="stmt"/>
      <line num="99" count="0" type="stmt"/>
      <line num="103" count="0" type="stmt"/>
      <line num="104" count="0" type="stmt"/>
      <line num="108" count="0" type="stmt"/>
      <line num="109" count="0" type="stmt"/>
      <line num="113" count="0" type="stmt"/>
      <line num="117" count="0" type="stmt"/>
      <line num="121" count="0" type="stmt"/>
      <line num="125" count="0" type="stmt"/>
      <line num="129" count="1" type="stmt"/>
      <line num="133" count="0" type="stmt"/>
      <line num="137" count="0" type="stmt"/>
      <line num="141" count="0" type="stmt"/>
      <line num="146" count="1" type="stmt"/>
      <line num="149" count="1" type="stmt"/>
      <line num="150" count="1" type="stmt"/>
      <line num="153" count="1" type="stmt"/>
      <line num="155" count="1" type="stmt"/>
    </file>
    <file name="content.js" path="/Users/Richard/Documents/CAI/Code/e210/src/content.js">
      <metrics statements="8" coveredstatements="8" conditionals="2" coveredconditionals="2" methods="1" coveredmethods="1"/>
      <line num="4" count="2" type="stmt"/>
      <line num="5" count="2" type="cond" truecount="2" falsecount="0"/>
      <line num="6" count="1" type="stmt"/>
      <line num="7" count="1" type="stmt"/>
      <line num="10" count="1" type="stmt"/>
      <line num="12" count="1" type="stmt"/>
      <line num="13" count="1" type="stmt"/>
      <line num="18" count="1" type="stmt"/>
    </file>
    <file name="gui.js" path="/Users/Richard/Documents/CAI/Code/e210/src/gui.js">
      <metrics statements="41" coveredstatements="39" conditionals="6" coveredconditionals="4" methods="8" coveredmethods="7"/>
      <line num="4" count="1" type="stmt"/>
      <line num="5" count="1" type="stmt"/>
      <line num="6" count="1" type="stmt"/>
      <line num="7" count="1" type="stmt"/>
      <line num="8" count="1" type="stmt"/>
      <line num="9" count="1" type="stmt"/>
      <line num="13" count="1" type="stmt"/>
      <line num="14" count="1" type="stmt"/>
      <line num="15" count="1" type="stmt"/>
      <line num="16" count="1" type="stmt"/>
      <line num="18" count="1" type="stmt"/>
      <line num="19" count="1" type="stmt"/>
      <line num="20" count="1" type="stmt"/>
      <line num="21" count="1" type="stmt"/>
      <line num="23" count="1" type="stmt"/>
      <line num="24" count="1" type="stmt"/>
      <line num="25" count="1" type="stmt"/>
      <line num="26" count="1" type="stmt"/>
      <line num="28" count="1" type="stmt"/>
      <line num="29" count="1" type="stmt"/>
      <line num="33" count="1" type="stmt"/>
      <line num="35" count="1" type="stmt"/>
      <line num="36" count="3" type="stmt"/>
      <line num="37" count="3" type="stmt"/>
      <line num="45" count="4" type="stmt"/>
      <line num="46" count="4" type="cond" truecount="2" falsecount="0"/>
      <line num="47" count="1" type="stmt"/>
      <line num="48" count="1" type="stmt"/>
      <line num="51" count="3" type="stmt"/>
      <line num="53" count="3" type="stmt"/>
      <line num="59" count="3" type="stmt"/>
      <line num="60" count="3" type="stmt"/>
      <line num="62" count="3" type="stmt"/>
      <line num="63" count="0" type="stmt"/>
      <line num="64" count="0" type="stmt"/>
      <line num="69" count="1" type="stmt"/>
      <line num="70" count="1" type="cond" truecount="1" falsecount="1"/>
      <line num="71" count="1" type="stmt"/>
      <line num="74" count="1" type="cond" truecount="1" falsecount="1"/>
      <line num="75" count="1" type="stmt"/>
      <line num="76" count="1" type="stmt"/>
    </file>
    <file name="patterns.js" path="/Users/Richard/Documents/CAI/Code/e210/src/patterns.js">
      <metrics statements="26" coveredstatements="24" conditionals="21" coveredconditionals="16" methods="7" coveredmethods="6"/>
      <line num="33" count="3" type="stmt"/>
      <line num="35" count="19" type="stmt"/>
      <line num="37" count="19" type="stmt"/>
      <line num="38" count="90" type="cond" truecount="1" falsecount="1"/>
      <line num="39" count="0" type="stmt"/>
      <line num="40" count="90" type="cond" truecount="1" falsecount="1"/>
      <line num="41" count="90" type="stmt"/>
      <line num="45" count="19" type="stmt"/>
      <line num="47" count="33" type="stmt"/>
      <line num="48" count="33" type="cond" truecount="4" falsecount="0"/>
      <line num="49" count="30" type="stmt"/>
      <line num="52" count="30" type="cond" truecount="1" falsecount="1"/>
      <line num="53" count="30" type="stmt"/>
      <line num="57" count="30" type="cond" truecount="1" falsecount="1"/>
      <line num="58" count="30" type="stmt"/>
      <line num="62" count="30" type="cond" truecount="4" falsecount="1"/>
      <line num="63" count="30" type="stmt"/>
      <line num="65" count="0" type="stmt"/>
      <line num="68" count="30" type="stmt"/>
      <line num="69" count="30" type="stmt"/>
      <line num="71" count="3" type="stmt"/>
      <line num="75" count="14" type="stmt"/>
      <line num="79" count="2" type="stmt"/>
      <line num="80" count="2" type="cond" truecount="2" falsecount="0"/>
      <line num="84" count="3" type="stmt"/>
      <line num="85" count="3" type="cond" truecount="2" falsecount="0"/>
    </file>
    <file name="utilities.js" path="/Users/Richard/Documents/CAI/Code/e210/src/utilities.js">
      <metrics statements="41" coveredstatements="33" conditionals="11" coveredconditionals="7" methods="11" coveredmethods="9"/>
      <line num="4" count="2" type="stmt"/>
      <line num="8" count="2" type="cond" truecount="3" falsecount="1"/>
      <line num="9" count="0" type="stmt"/>
      <line num="13" count="2" type="stmt"/>
      <line num="14" count="2" type="stmt"/>
      <line num="15" count="2" type="stmt"/>
      <line num="16" count="2" type="cond" truecount="1" falsecount="1"/>
      <line num="17" count="2" type="stmt"/>
      <line num="19" count="0" type="stmt"/>
      <line num="22" count="2" type="stmt"/>
      <line num="23" count="2" type="cond" truecount="1" falsecount="1"/>
      <line num="24" count="0" type="stmt"/>
      <line num="27" count="2" type="stmt"/>
      <line num="31" count="1" type="stmt"/>
      <line num="32" count="1" type="stmt"/>
      <line num="33" count="1" type="stmt"/>
      <line num="35" count="0" type="stmt"/>
      <line num="40" count="2" type="stmt"/>
      <line num="41" count="2" type="stmt"/>
      <line num="42" count="2" type="stmt"/>
      <line num="43" count="2" type="stmt"/>
      <line num="44" count="2" type="cond" truecount="1" falsecount="1"/>
      <line num="45" count="2" type="stmt"/>
      <line num="46" count="2" type="stmt"/>
      <line num="47" count="2" type="stmt"/>
      <line num="50" count="0" type="stmt"/>
      <line num="54" count="0" type="stmt"/>
      <line num="58" count="1" type="stmt"/>
      <line num="63" count="2" type="stmt"/>
      <line num="64" count="1" type="stmt"/>
      <line num="67" count="2" type="stmt"/>
      <line num="68" count="13" type="stmt"/>
      <line num="69" count="13" type="stmt"/>
      <line num="73" count="2" type="stmt"/>
      <line num="74" count="0" type="stmt"/>
      <line num="76" count="0" type="stmt"/>
      <line num="80" count="2" type="stmt"/>
      <line num="81" count="2" type="stmt"/>
      <line num="84" count="1" type="stmt"/>
      <line num="85" count="1" type="stmt"/>
      <line num="86" count="1" type="stmt"/>
    </file>
  </project>
</coverage>
