{"/Users/Richard/Documents/CAI/Code/e210/src/a_excellence.js": {"path":"/Users/Richard/Documents/CAI/Code/e210/src/a_excellence.js","statementMap":{"0":{"start":{"line":13,"column":23},"end":{"line":13,"column":25}},"1":{"start":{"line":14,"column":19},"end":{"line":14,"column":21}},"2":{"start":{"line":15,"column":23},"end":{"line":15,"column":25}},"3":{"start":{"line":16,"column":24},"end":{"line":16,"column":26}},"4":{"start":{"line":17,"column":26},"end":{"line":17,"column":28}},"5":{"start":{"line":18,"column":23},"end":{"line":18,"column":25}},"6":{"start":{"line":19,"column":24},"end":{"line":19,"column":26}},"7":{"start":{"line":20,"column":19},"end":{"line":20,"column":21}},"8":{"start":{"line":21,"column":2},"end":{"line":21,"column":9}},"9":{"start":{"line":26,"column":27},"end":{"line":26,"column":29}},"10":{"start":{"line":27,"column":26},"end":{"line":27,"column":28}},"11":{"start":{"line":28,"column":27},"end":{"line":28,"column":29}},"12":{"start":{"line":29,"column":24},"end":{"line":29,"column":26}},"13":{"start":{"line":30,"column":25},"end":{"line":30,"column":27}},"14":{"start":{"line":31,"column":26},"end":{"line":31,"column":28}},"15":{"start":{"line":32,"column":26},"end":{"line":32,"column":28}},"16":{"start":{"line":33,"column":2},"end":{"line":33,"column":9}},"17":{"start":{"line":38,"column":25},"end":{"line":38,"column":27}},"18":{"start":{"line":39,"column":32},"end":{"line":39,"column":34}},"19":{"start":{"line":40,"column":22},"end":{"line":40,"column":24}},"20":{"start":{"line":41,"column":22},"end":{"line":41,"column":24}},"21":{"start":{"line":42,"column":2},"end":{"line":42,"column":9}},"22":{"start":{"line":47,"column":2},"end":{"line":47,"column":85}}},"fnMap":{"0":{"name":"architecture","decl":{"start":{"line":12,"column":16},"end":{"line":12,"column":28}},"loc":{"start":{"line":12,"column":31},"end":{"line":22,"column":1}},"line":12},"1":{"name":"nfr","decl":{"start":{"line":25,"column":16},"end":{"line":25,"column":19}},"loc":{"start":{"line":25,"column":22},"end":{"line":34,"column":1}},"line":25},"2":{"name":"techDebt","decl":{"start":{"line":37,"column":16},"end":{"line":37,"column":24}},"loc":{"start":{"line":37,"column":27},"end":{"line":43,"column":1}},"line":37},"3":{"name":"exampleExlJourney","decl":{"start":{"line":46,"column":16},"end":{"line":46,"column":33}},"loc":{"start":{"line":46,"column":36},"end":{"line":48,"column":1}},"line":46},"4":{"name":"exlJourney","decl":{"start":{"line":50,"column":9},"end":{"line":50,"column":19}},"loc":{"start":{"line":50,"column":53},"end":{"line":52,"column":1}},"line":50}},"branchMap":{},"s":{"0":1,"1":1,"2":1,"3":1,"4":1,"5":1,"6":1,"7":1,"8":1,"9":1,"10":1,"11":1,"12":1,"13":1,"14":1,"15":1,"16":1,"17":1,"18":1,"19":1,"20":1,"21":1,"22":1},"f":{"0":1,"1":1,"2":1,"3":1,"4":1},"b":{},"_coverageSchema":"1a1c01bbd47fc00a2c39e90264f33305004495a9","hash":"c8fa935dd4c5ff6a41c0ffa7bdf43f26c6dd6ec4"}
,"/Users/Richard/Documents/CAI/Code/e210/src/a_value.js": {"path":"/Users/Richard/Documents/CAI/Code/e210/src/a_value.js","statementMap":{"0":{"start":{"line":4,"column":2},"end":{"line":4,"column":85}}},"fnMap":{"0":{"name":"exampleValJourney","decl":{"start":{"line":3,"column":16},"end":{"line":3,"column":33}},"loc":{"start":{"line":3,"column":36},"end":{"line":5,"column":1}},"line":3},"1":{"name":"valJourney","decl":{"start":{"line":7,"column":9},"end":{"line":7,"column":19}},"loc":{"start":{"line":7,"column":53},"end":{"line":10,"column":1}},"line":7}},"branchMap":{},"s":{"0":1},"f":{"0":1,"1":1},"b":{},"_coverageSchema":"1a1c01bbd47fc00a2c39e90264f33305004495a9","hash":"0c1644bcd0164d0bc4d5891a651a58459beff8f9"}
,"/Users/Richard/Documents/CAI/Code/e210/src/app.js": {"path":"/Users/Richard/Documents/CAI/Code/e210/src/app.js","statementMap":{"0":{"start":{"line":24,"column":4},"end":{"line":24,"column":24}},"1":{"start":{"line":25,"column":4},"end":{"line":36,"column":7}},"2":{"start":{"line":40,"column":4},"end":{"line":40,"column":33}},"3":{"start":{"line":44,"column":4},"end":{"line":44,"column":39}},"4":{"start":{"line":45,"column":4},"end":{"line":45,"column":32}},"5":{"start":{"line":49,"column":4},"end":{"line":49,"column":38}},"6":{"start":{"line":53,"column":4},"end":{"line":53,"column":41}},"7":{"start":{"line":54,"column":4},"end":{"line":54,"column":20}},"8":{"start":{"line":55,"column":4},"end":{"line":55,"column":24}},"9":{"start":{"line":60,"column":0},"end":{"line":65,"column":1}},"10":{"start":{"line":61,"column":2},"end":{"line":64,"column":5}},"11":{"start":{"line":62,"column":16},"end":{"line":62,"column":25}},"12":{"start":{"line":63,"column":4},"end":{"line":63,"column":25}}},"fnMap":{"0":{"name":"(anonymous_0)","decl":{"start":{"line":23,"column":2},"end":{"line":23,"column":3}},"loc":{"start":{"line":23,"column":16},"end":{"line":37,"column":3}},"line":23},"1":{"name":"(anonymous_1)","decl":{"start":{"line":39,"column":2},"end":{"line":39,"column":3}},"loc":{"start":{"line":39,"column":10},"end":{"line":41,"column":3}},"line":39},"2":{"name":"(anonymous_2)","decl":{"start":{"line":43,"column":2},"end":{"line":43,"column":3}},"loc":{"start":{"line":43,"column":19},"end":{"line":46,"column":3}},"line":43},"3":{"name":"(anonymous_3)","decl":{"start":{"line":48,"column":2},"end":{"line":48,"column":3}},"loc":{"start":{"line":48,"column":18},"end":{"line":50,"column":3}},"line":48},"4":{"name":"(anonymous_4)","decl":{"start":{"line":52,"column":2},"end":{"line":52,"column":3}},"loc":{"start":{"line":52,"column":21},"end":{"line":56,"column":3}},"line":52},"5":{"name":"(anonymous_5)","decl":{"start":{"line":61,"column":48},"end":{"line":61,"column":49}},"loc":{"start":{"line":61,"column":54},"end":{"line":64,"column":3}},"line":61}},"branchMap":{"0":{"loc":{"start":{"line":60,"column":0},"end":{"line":65,"column":1}},"type":"if","locations":[{"start":{"line":60,"column":0},"end":{"line":65,"column":1}},{"start":{},"end":{}}],"line":60}},"s":{"0":0,"1":0,"2":0,"3":0,"4":0,"5":0,"6":0,"7":0,"8":0,"9":1,"10":0,"11":0,"12":0},"f":{"0":0,"1":0,"2":0,"3":0,"4":0,"5":0},"b":{"0":[0,1]},"_coverageSchema":"1a1c01bbd47fc00a2c39e90264f33305004495a9","hash":"0d893627545ee99042b0bf1868d5908f232cc9e5"}
,"/Users/Richard/Documents/CAI/Code/e210/src/gui.js": {"path":"/Users/Richard/Documents/CAI/Code/e210/src/gui.js","statementMap":{"0":{"start":{"line":4,"column":20},"end":{"line":4,"column":62}},"1":{"start":{"line":5,"column":18},"end":{"line":5,"column":47}},"2":{"start":{"line":6,"column":2},"end":{"line":6,"column":25}},"3":{"start":{"line":7,"column":2},"end":{"line":7,"column":33}},"4":{"start":{"line":8,"column":2},"end":{"line":8,"column":33}},"5":{"start":{"line":9,"column":2},"end":{"line":9,"column":17}},"6":{"start":{"line":13,"column":19},"end":{"line":13,"column":64}},"7":{"start":{"line":14,"column":17},"end":{"line":14,"column":49}},"8":{"start":{"line":15,"column":2},"end":{"line":15,"column":23}},"9":{"start":{"line":16,"column":2},"end":{"line":16,"column":35}},"10":{"start":{"line":18,"column":15},"end":{"line":18,"column":44}},"11":{"start":{"line":19,"column":2},"end":{"line":19,"column":21}},"12":{"start":{"line":20,"column":2},"end":{"line":20,"column":33}},"13":{"start":{"line":21,"column":2},"end":{"line":21,"column":27}},"14":{"start":{"line":23,"column":19},"end":{"line":23,"column":49}},"15":{"start":{"line":24,"column":2},"end":{"line":24,"column":37}},"16":{"start":{"line":25,"column":2},"end":{"line":25,"column":36}},"17":{"start":{"line":26,"column":2},"end":{"line":26,"column":31}},"18":{"start":{"line":28,"column":2},"end":{"line":28,"column":30}},"19":{"start":{"line":29,"column":2},"end":{"line":29,"column":16}},"20":{"start":{"line":33,"column":14},"end":{"line":33,"column":44}},"21":{"start":{"line":34,"column":2},"end":{"line":37,"column":3}},"22":{"start":{"line":35,"column":4},"end":{"line":35,"column":45}},"23":{"start":{"line":36,"column":4},"end":{"line":36,"column":11}},"24":{"start":{"line":39,"column":18},"end":{"line":39,"column":33}},"25":{"start":{"line":41,"column":2},"end":{"line":45,"column":4}},"26":{"start":{"line":46,"column":2},"end":{"line":46,"column":87}},"27":{"start":{"line":47,"column":2},"end":{"line":51,"column":4}},"28":{"start":{"line":55,"column":18},"end":{"line":55,"column":59}},"29":{"start":{"line":57,"column":2},"end":{"line":61,"column":5}},"30":{"start":{"line":58,"column":4},"end":{"line":60,"column":7}},"31":{"start":{"line":59,"column":6},"end":{"line":59,"column":44}}},"fnMap":{"0":{"name":"addMenuBar","decl":{"start":{"line":3,"column":16},"end":{"line":3,"column":26}},"loc":{"start":{"line":3,"column":38},"end":{"line":10,"column":1}},"line":3},"1":{"name":"addButton","decl":{"start":{"line":12,"column":16},"end":{"line":12,"column":25}},"loc":{"start":{"line":12,"column":56},"end":{"line":30,"column":1}},"line":12},"2":{"name":"guiCreatePage","decl":{"start":{"line":32,"column":16},"end":{"line":32,"column":29}},"loc":{"start":{"line":32,"column":32},"end":{"line":52,"column":1}},"line":32},"3":{"name":"initializeButtons","decl":{"start":{"line":54,"column":16},"end":{"line":54,"column":33}},"loc":{"start":{"line":54,"column":36},"end":{"line":62,"column":1}},"line":54},"4":{"name":"(anonymous_4)","decl":{"start":{"line":57,"column":18},"end":{"line":57,"column":19}},"loc":{"start":{"line":57,"column":37},"end":{"line":61,"column":3}},"line":57},"5":{"name":"(anonymous_5)","decl":{"start":{"line":58,"column":37},"end":{"line":58,"column":38}},"loc":{"start":{"line":58,"column":43},"end":{"line":60,"column":5}},"line":58}},"branchMap":{"0":{"loc":{"start":{"line":34,"column":2},"end":{"line":37,"column":3}},"type":"if","locations":[{"start":{"line":34,"column":2},"end":{"line":37,"column":3}},{"start":{},"end":{}}],"line":34}},"s":{"0":6,"1":6,"2":6,"3":6,"4":6,"5":6,"6":16,"7":16,"8":16,"9":16,"10":16,"11":16,"12":16,"13":16,"14":16,"15":16,"16":16,"17":16,"18":16,"19":16,"20":5,"21":5,"22":0,"23":0,"24":5,"25":5,"26":5,"27":5,"28":4,"29":4,"30":12,"31":3},"f":{"0":6,"1":16,"2":5,"3":4,"4":12,"5":3},"b":{"0":[0,5]},"_coverageSchema":"1a1c01bbd47fc00a2c39e90264f33305004495a9","hash":"fd197fd56aa70c7f92b1f9c96b5eea3bb885e17c"}
,"/Users/Richard/Documents/CAI/Code/e210/src/patterns.js": {"path":"/Users/Richard/Documents/CAI/Code/e210/src/patterns.js","statementMap":{"0":{"start":{"line":33,"column":26},"end":{"line":89,"column":1}},"1":{"start":{"line":35,"column":23},"end":{"line":35,"column":35}},"2":{"start":{"line":37,"column":27},"end":{"line":43,"column":5}},"3":{"start":{"line":38,"column":6},"end":{"line":42,"column":7}},"4":{"start":{"line":39,"column":8},"end":{"line":39,"column":51}},"5":{"start":{"line":39,"column":36},"end":{"line":39,"column":49}},"6":{"start":{"line":40,"column":13},"end":{"line":42,"column":7}},"7":{"start":{"line":41,"column":8},"end":{"line":41,"column":23}},"8":{"start":{"line":45,"column":4},"end":{"line":87,"column":6}},"9":{"start":{"line":47,"column":36},"end":{"line":47,"column":56}},"10":{"start":{"line":48,"column":8},"end":{"line":70,"column":9}},"11":{"start":{"line":49,"column":38},"end":{"line":49,"column":64}},"12":{"start":{"line":52,"column":10},"end":{"line":54,"column":11}},"13":{"start":{"line":53,"column":12},"end":{"line":53,"column":60}},"14":{"start":{"line":57,"column":10},"end":{"line":59,"column":11}},"15":{"start":{"line":58,"column":12},"end":{"line":58,"column":43}},"16":{"start":{"line":62,"column":10},"end":{"line":66,"column":11}},"17":{"start":{"line":63,"column":12},"end":{"line":63,"column":56}},"18":{"start":{"line":65,"column":12},"end":{"line":65,"column":48}},"19":{"start":{"line":68,"column":10},"end":{"line":68,"column":32}},"20":{"start":{"line":69,"column":10},"end":{"line":69,"column":24}},"21":{"start":{"line":71,"column":8},"end":{"line":71,"column":28}},"22":{"start":{"line":75,"column":8},"end":{"line":75,"column":28}},"23":{"start":{"line":79,"column":36},"end":{"line":79,"column":56}},"24":{"start":{"line":80,"column":8},"end":{"line":80,"column":69}},"25":{"start":{"line":84,"column":36},"end":{"line":84,"column":56}},"26":{"start":{"line":85,"column":8},"end":{"line":85,"column":75}}},"fnMap":{"0":{"name":"(anonymous_0)","decl":{"start":{"line":34,"column":2},"end":{"line":34,"column":3}},"loc":{"start":{"line":34,"column":38},"end":{"line":88,"column":3}},"line":34},"1":{"name":"(anonymous_1)","decl":{"start":{"line":37,"column":27},"end":{"line":37,"column":28}},"loc":{"start":{"line":37,"column":47},"end":{"line":43,"column":5}},"line":37},"2":{"name":"(anonymous_2)","decl":{"start":{"line":39,"column":24},"end":{"line":39,"column":25}},"loc":{"start":{"line":39,"column":36},"end":{"line":39,"column":49}},"line":39},"3":{"name":"(anonymous_3)","decl":{"start":{"line":46,"column":6},"end":{"line":46,"column":7}},"loc":{"start":{"line":46,"column":24},"end":{"line":72,"column":7}},"line":46},"4":{"name":"(anonymous_4)","decl":{"start":{"line":74,"column":6},"end":{"line":74,"column":7}},"loc":{"start":{"line":74,"column":17},"end":{"line":76,"column":7}},"line":74},"5":{"name":"(anonymous_5)","decl":{"start":{"line":78,"column":6},"end":{"line":78,"column":7}},"loc":{"start":{"line":78,"column":27},"end":{"line":81,"column":7}},"line":78},"6":{"name":"(anonymous_6)","decl":{"start":{"line":83,"column":6},"end":{"line":83,"column":7}},"loc":{"start":{"line":83,"column":23},"end":{"line":86,"column":7}},"line":83}},"branchMap":{"0":{"loc":{"start":{"line":38,"column":6},"end":{"line":42,"column":7}},"type":"if","locations":[{"start":{"line":38,"column":6},"end":{"line":42,"column":7}},{"start":{"line":40,"column":13},"end":{"line":42,"column":7}}],"line":38},"1":{"loc":{"start":{"line":40,"column":13},"end":{"line":42,"column":7}},"type":"if","locations":[{"start":{"line":40,"column":13},"end":{"line":42,"column":7}},{"start":{},"end":{}}],"line":40},"2":{"loc":{"start":{"line":48,"column":8},"end":{"line":70,"column":9}},"type":"if","locations":[{"start":{"line":48,"column":8},"end":{"line":70,"column":9}},{"start":{},"end":{}}],"line":48},"3":{"loc":{"start":{"line":48,"column":12},"end":{"line":48,"column":61}},"type":"binary-expr","locations":[{"start":{"line":48,"column":12},"end":{"line":48,"column":31}},{"start":{"line":48,"column":35},"end":{"line":48,"column":61}}],"line":48},"4":{"loc":{"start":{"line":52,"column":10},"end":{"line":54,"column":11}},"type":"if","locations":[{"start":{"line":52,"column":10},"end":{"line":54,"column":11}},{"start":{},"end":{}}],"line":52},"5":{"loc":{"start":{"line":57,"column":10},"end":{"line":59,"column":11}},"type":"if","locations":[{"start":{"line":57,"column":10},"end":{"line":59,"column":11}},{"start":{},"end":{}}],"line":57},"6":{"loc":{"start":{"line":62,"column":10},"end":{"line":66,"column":11}},"type":"if","locations":[{"start":{"line":62,"column":10},"end":{"line":66,"column":11}},{"start":{"line":64,"column":17},"end":{"line":66,"column":11}}],"line":62},"7":{"loc":{"start":{"line":62,"column":14},"end":{"line":62,"column":62}},"type":"binary-expr","locations":[{"start":{"line":62,"column":14},"end":{"line":62,"column":20}},{"start":{"line":62,"column":24},"end":{"line":62,"column":38}},{"start":{"line":62,"column":42},"end":{"line":62,"column":62}}],"line":62},"8":{"loc":{"start":{"line":80,"column":18},"end":{"line":80,"column":67}},"type":"binary-expr","locations":[{"start":{"line":80,"column":18},"end":{"line":80,"column":37}},{"start":{"line":80,"column":41},"end":{"line":80,"column":67}}],"line":80},"9":{"loc":{"start":{"line":85,"column":15},"end":{"line":85,"column":74}},"type":"binary-expr","locations":[{"start":{"line":85,"column":15},"end":{"line":85,"column":34}},{"start":{"line":85,"column":38},"end":{"line":85,"column":74}}],"line":85}},"s":{"0":2,"1":10,"2":10,"3":42,"4":0,"5":0,"6":42,"7":42,"8":10,"9":15,"10":15,"11":14,"12":14,"13":14,"14":14,"15":14,"16":14,"17":14,"18":0,"19":14,"20":14,"21":1,"22":6,"23":2,"24":2,"25":2,"26":2},"f":{"0":10,"1":42,"2":0,"3":15,"4":6,"5":2,"6":2},"b":{"0":[0,42],"1":[42,0],"2":[14,1],"3":[15,15],"4":[14,0],"5":[14,0],"6":[14,0],"7":[14,14,14],"8":[2,2],"9":[2,2]},"_coverageSchema":"1a1c01bbd47fc00a2c39e90264f33305004495a9","hash":"8942c78dec4e617981a81c605e3b54b34e568fa6"}
,"/Users/Richard/Documents/CAI/Code/e210/src/utilities.js": {"path":"/Users/Richard/Documents/CAI/Code/e210/src/utilities.js","statementMap":{"0":{"start":{"line":4,"column":20},"end":{"line":60,"column":1}},"1":{"start":{"line":8,"column":4},"end":{"line":10,"column":5}},"2":{"start":{"line":9,"column":6},"end":{"line":9,"column":66}},"3":{"start":{"line":13,"column":4},"end":{"line":20,"column":5}},"4":{"start":{"line":14,"column":31},"end":{"line":14,"column":52}},"5":{"start":{"line":15,"column":29},"end":{"line":15,"column":39}},"6":{"start":{"line":16,"column":6},"end":{"line":16,"column":69}},"7":{"start":{"line":17,"column":6},"end":{"line":17,"column":120}},"8":{"start":{"line":19,"column":6},"end":{"line":19,"column":76}},"9":{"start":{"line":22,"column":17},"end":{"line":22,"column":62}},"10":{"start":{"line":23,"column":4},"end":{"line":25,"column":5}},"11":{"start":{"line":24,"column":6},"end":{"line":24,"column":121}},"12":{"start":{"line":27,"column":4},"end":{"line":27,"column":24}},"13":{"start":{"line":31,"column":4},"end":{"line":36,"column":5}},"14":{"start":{"line":32,"column":27},"end":{"line":32,"column":62}},"15":{"start":{"line":33,"column":6},"end":{"line":33,"column":37}},"16":{"start":{"line":35,"column":6},"end":{"line":35,"column":63}},"17":{"start":{"line":40,"column":19},"end":{"line":40,"column":29}},"18":{"start":{"line":41,"column":24},"end":{"line":41,"column":50}},"19":{"start":{"line":42,"column":4},"end":{"line":53,"column":5}},"20":{"start":{"line":42,"column":17},"end":{"line":42,"column":18}},"21":{"start":{"line":43,"column":19},"end":{"line":43,"column":40}},"22":{"start":{"line":44,"column":6},"end":{"line":52,"column":7}},"23":{"start":{"line":45,"column":25},"end":{"line":45,"column":91}},"24":{"start":{"line":46,"column":8},"end":{"line":51,"column":9}},"25":{"start":{"line":47,"column":10},"end":{"line":47,"column":38}},"26":{"start":{"line":50,"column":10},"end":{"line":50,"column":26}},"27":{"start":{"line":54,"column":4},"end":{"line":54,"column":16}},"28":{"start":{"line":58,"column":4},"end":{"line":58,"column":81}},"29":{"start":{"line":63,"column":18},"end":{"line":65,"column":1}},"30":{"start":{"line":64,"column":22},"end":{"line":64,"column":53}},"31":{"start":{"line":67,"column":18},"end":{"line":70,"column":1}},"32":{"start":{"line":68,"column":27},"end":{"line":68,"column":72}},"33":{"start":{"line":69,"column":26},"end":{"line":69,"column":71}},"34":{"start":{"line":73,"column":18},"end":{"line":77,"column":1}},"35":{"start":{"line":74,"column":29},"end":{"line":74,"column":62}},"36":{"start":{"line":76,"column":27},"end":{"line":76,"column":76}},"37":{"start":{"line":80,"column":18},"end":{"line":88,"column":1}},"38":{"start":{"line":81,"column":17},"end":{"line":81,"column":34}},"39":{"start":{"line":84,"column":24},"end":{"line":84,"column":43}},"40":{"start":{"line":85,"column":22},"end":{"line":85,"column":53}},"41":{"start":{"line":86,"column":4},"end":{"line":86,"column":38}}},"fnMap":{"0":{"name":"(anonymous_0)","decl":{"start":{"line":7,"column":8},"end":{"line":7,"column":9}},"loc":{"start":{"line":7,"column":31},"end":{"line":28,"column":3}},"line":7},"1":{"name":"(anonymous_1)","decl":{"start":{"line":30,"column":8},"end":{"line":30,"column":9}},"loc":{"start":{"line":30,"column":37},"end":{"line":37,"column":3}},"line":30},"2":{"name":"(anonymous_2)","decl":{"start":{"line":39,"column":7},"end":{"line":39,"column":8}},"loc":{"start":{"line":39,"column":17},"end":{"line":55,"column":3}},"line":39},"3":{"name":"(anonymous_3)","decl":{"start":{"line":57,"column":8},"end":{"line":57,"column":9}},"loc":{"start":{"line":57,"column":18},"end":{"line":59,"column":3}},"line":57},"4":{"name":"(anonymous_4)","decl":{"start":{"line":64,"column":13},"end":{"line":64,"column":14}},"loc":{"start":{"line":64,"column":22},"end":{"line":64,"column":53}},"line":64},"5":{"name":"(anonymous_5)","decl":{"start":{"line":68,"column":21},"end":{"line":68,"column":22}},"loc":{"start":{"line":68,"column":27},"end":{"line":68,"column":72}},"line":68},"6":{"name":"(anonymous_6)","decl":{"start":{"line":69,"column":20},"end":{"line":69,"column":21}},"loc":{"start":{"line":69,"column":26},"end":{"line":69,"column":71}},"line":69},"7":{"name":"(anonymous_7)","decl":{"start":{"line":74,"column":15},"end":{"line":74,"column":16}},"loc":{"start":{"line":74,"column":29},"end":{"line":74,"column":62}},"line":74},"8":{"name":"(anonymous_8)","decl":{"start":{"line":76,"column":13},"end":{"line":76,"column":14}},"loc":{"start":{"line":76,"column":27},"end":{"line":76,"column":76}},"line":76},"9":{"name":"(anonymous_9)","decl":{"start":{"line":81,"column":11},"end":{"line":81,"column":12}},"loc":{"start":{"line":81,"column":17},"end":{"line":81,"column":34}},"line":81},"10":{"name":"(anonymous_10)","decl":{"start":{"line":83,"column":22},"end":{"line":83,"column":23}},"loc":{"start":{"line":83,"column":36},"end":{"line":87,"column":3}},"line":83}},"branchMap":{"0":{"loc":{"start":{"line":8,"column":4},"end":{"line":10,"column":5}},"type":"if","locations":[{"start":{"line":8,"column":4},"end":{"line":10,"column":5}},{"start":{},"end":{}}],"line":8},"1":{"loc":{"start":{"line":8,"column":8},"end":{"line":8,"column":45}},"type":"binary-expr","locations":[{"start":{"line":8,"column":8},"end":{"line":8,"column":27}},{"start":{"line":8,"column":31},"end":{"line":8,"column":45}}],"line":8},"2":{"loc":{"start":{"line":16,"column":57},"end":{"line":16,"column":66}},"type":"binary-expr","locations":[{"start":{"line":16,"column":57},"end":{"line":16,"column":61}},{"start":{"line":16,"column":65},"end":{"line":16,"column":66}}],"line":16},"3":{"loc":{"start":{"line":23,"column":4},"end":{"line":25,"column":5}},"type":"if","locations":[{"start":{"line":23,"column":4},"end":{"line":25,"column":5}},{"start":{},"end":{}}],"line":23},"4":{"loc":{"start":{"line":30,"column":22},"end":{"line":30,"column":32}},"type":"default-arg","locations":[{"start":{"line":30,"column":29},"end":{"line":30,"column":32}}],"line":30},"5":{"loc":{"start":{"line":44,"column":6},"end":{"line":52,"column":7}},"type":"if","locations":[{"start":{"line":44,"column":6},"end":{"line":52,"column":7}},{"start":{},"end":{}}],"line":44}},"s":{"0":2,"1":2,"2":0,"3":2,"4":2,"5":2,"6":2,"7":2,"8":0,"9":2,"10":2,"11":0,"12":2,"13":1,"14":1,"15":1,"16":0,"17":2,"18":2,"19":2,"20":2,"21":2,"22":2,"23":2,"24":2,"25":2,"26":0,"27":0,"28":1,"29":2,"30":1,"31":2,"32":13,"33":13,"34":2,"35":0,"36":0,"37":2,"38":2,"39":1,"40":1,"41":1},"f":{"0":2,"1":1,"2":2,"3":1,"4":1,"5":13,"6":13,"7":0,"8":0,"9":2,"10":1},"b":{"0":[0,2],"1":[2,2],"2":[2,0],"3":[0,2],"4":[1],"5":[2,0]},"_coverageSchema":"1a1c01bbd47fc00a2c39e90264f33305004495a9","hash":"6455acd1d0c5333ac6559ff6235776dafe9b3d18"}
}
