{"/Users/Richard/Documents/CAI/Code/e210/src/a_excellence.js": {"path":"/Users/Richard/Documents/CAI/Code/e210/src/a_excellence.js","statementMap":{"0":{"start":{"line":13,"column":23},"end":{"line":13,"column":25}},"1":{"start":{"line":14,"column":19},"end":{"line":14,"column":21}},"2":{"start":{"line":15,"column":23},"end":{"line":15,"column":25}},"3":{"start":{"line":16,"column":24},"end":{"line":16,"column":26}},"4":{"start":{"line":17,"column":26},"end":{"line":17,"column":28}},"5":{"start":{"line":18,"column":23},"end":{"line":18,"column":25}},"6":{"start":{"line":19,"column":24},"end":{"line":19,"column":26}},"7":{"start":{"line":20,"column":19},"end":{"line":20,"column":21}},"8":{"start":{"line":21,"column":2},"end":{"line":21,"column":9}},"9":{"start":{"line":26,"column":27},"end":{"line":26,"column":29}},"10":{"start":{"line":27,"column":26},"end":{"line":27,"column":28}},"11":{"start":{"line":28,"column":27},"end":{"line":28,"column":29}},"12":{"start":{"line":29,"column":24},"end":{"line":29,"column":26}},"13":{"start":{"line":30,"column":25},"end":{"line":30,"column":27}},"14":{"start":{"line":31,"column":26},"end":{"line":31,"column":28}},"15":{"start":{"line":32,"column":26},"end":{"line":32,"column":28}},"16":{"start":{"line":33,"column":2},"end":{"line":33,"column":9}},"17":{"start":{"line":38,"column":25},"end":{"line":38,"column":27}},"18":{"start":{"line":39,"column":32},"end":{"line":39,"column":34}},"19":{"start":{"line":40,"column":22},"end":{"line":40,"column":24}},"20":{"start":{"line":41,"column":22},"end":{"line":41,"column":24}},"21":{"start":{"line":42,"column":2},"end":{"line":42,"column":9}},"22":{"start":{"line":47,"column":2},"end":{"line":47,"column":85}}},"fnMap":{"0":{"name":"architecture","decl":{"start":{"line":12,"column":16},"end":{"line":12,"column":28}},"loc":{"start":{"line":12,"column":31},"end":{"line":22,"column":1}},"line":12},"1":{"name":"nfr","decl":{"start":{"line":25,"column":16},"end":{"line":25,"column":19}},"loc":{"start":{"line":25,"column":22},"end":{"line":34,"column":1}},"line":25},"2":{"name":"techDebt","decl":{"start":{"line":37,"column":16},"end":{"line":37,"column":24}},"loc":{"start":{"line":37,"column":27},"end":{"line":43,"column":1}},"line":37},"3":{"name":"exampleExlJourney","decl":{"start":{"line":46,"column":16},"end":{"line":46,"column":33}},"loc":{"start":{"line":46,"column":36},"end":{"line":48,"column":1}},"line":46},"4":{"name":"exlJourney","decl":{"start":{"line":50,"column":9},"end":{"line":50,"column":19}},"loc":{"start":{"line":50,"column":53},"end":{"line":52,"column":1}},"line":50}},"branchMap":{},"s":{"0":1,"1":1,"2":1,"3":1,"4":1,"5":1,"6":1,"7":1,"8":1,"9":1,"10":1,"11":1,"12":1,"13":1,"14":1,"15":1,"16":1,"17":1,"18":1,"19":1,"20":1,"21":1,"22":1},"f":{"0":1,"1":1,"2":1,"3":1,"4":1},"b":{},"_coverageSchema":"1a1c01bbd47fc00a2c39e90264f33305004495a9","hash":"c8fa935dd4c5ff6a41c0ffa7bdf43f26c6dd6ec4"}
,"/Users/Richard/Documents/CAI/Code/e210/src/a_value.js": {"path":"/Users/Richard/Documents/CAI/Code/e210/src/a_value.js","statementMap":{"0":{"start":{"line":4,"column":2},"end":{"line":4,"column":85}}},"fnMap":{"0":{"name":"exampleValJourney","decl":{"start":{"line":3,"column":16},"end":{"line":3,"column":33}},"loc":{"start":{"line":3,"column":36},"end":{"line":5,"column":1}},"line":3},"1":{"name":"valJourney","decl":{"start":{"line":7,"column":9},"end":{"line":7,"column":19}},"loc":{"start":{"line":7,"column":53},"end":{"line":10,"column":1}},"line":7}},"branchMap":{},"s":{"0":1},"f":{"0":1,"1":1},"b":{},"_coverageSchema":"1a1c01bbd47fc00a2c39e90264f33305004495a9","hash":"0c1644bcd0164d0bc4d5891a651a58459beff8f9"}
,"/Users/Richard/Documents/CAI/Code/e210/src/app.js": {"path":"/Users/Richard/Documents/CAI/Code/e210/src/app.js","statementMap":{"0":{"start":{"line":31,"column":21},"end":{"line":35,"column":5}},"1":{"start":{"line":38,"column":19},"end":{"line":38,"column":46}},"2":{"start":{"line":41,"column":4},"end":{"line":41,"column":32}},"3":{"start":{"line":43,"column":4},"end":{"line":81,"column":7}},"4":{"start":{"line":85,"column":4},"end":{"line":85,"column":38}},"5":{"start":{"line":102,"column":4},"end":{"line":102,"column":20}},"6":{"start":{"line":105,"column":4},"end":{"line":105,"column":66}},"7":{"start":{"line":105,"column":21},"end":{"line":105,"column":58}},"8":{"start":{"line":110,"column":4},"end":{"line":110,"column":20}},"9":{"start":{"line":115,"column":4},"end":{"line":115,"column":20}},"10":{"start":{"line":116,"column":4},"end":{"line":116,"column":24}},"11":{"start":{"line":149,"column":0},"end":{"line":154,"column":1}},"12":{"start":{"line":150,"column":2},"end":{"line":153,"column":5}},"13":{"start":{"line":151,"column":16},"end":{"line":151,"column":25}},"14":{"start":{"line":152,"column":4},"end":{"line":152,"column":16}}},"fnMap":{"0":{"name":"(anonymous_0)","decl":{"start":{"line":29,"column":2},"end":{"line":29,"column":3}},"loc":{"start":{"line":29,"column":28},"end":{"line":82,"column":3}},"line":29},"1":{"name":"(anonymous_1)","decl":{"start":{"line":84,"column":2},"end":{"line":84,"column":3}},"loc":{"start":{"line":84,"column":10},"end":{"line":86,"column":3}},"line":84},"2":{"name":"(anonymous_2)","decl":{"start":{"line":88,"column":2},"end":{"line":88,"column":3}},"loc":{"start":{"line":88,"column":20},"end":{"line":90,"column":3}},"line":88},"3":{"name":"(anonymous_3)","decl":{"start":{"line":92,"column":2},"end":{"line":92,"column":3}},"loc":{"start":{"line":92,"column":19},"end":{"line":94,"column":3}},"line":92},"4":{"name":"(anonymous_4)","decl":{"start":{"line":96,"column":2},"end":{"line":96,"column":3}},"loc":{"start":{"line":96,"column":21},"end":{"line":98,"column":3}},"line":96},"5":{"name":"(anonymous_5)","decl":{"start":{"line":100,"column":2},"end":{"line":100,"column":3}},"loc":{"start":{"line":100,"column":22},"end":{"line":106,"column":3}},"line":100},"6":{"name":"(anonymous_6)","decl":{"start":{"line":105,"column":15},"end":{"line":105,"column":16}},"loc":{"start":{"line":105,"column":21},"end":{"line":105,"column":58}},"line":105},"7":{"name":"(anonymous_7)","decl":{"start":{"line":108,"column":2},"end":{"line":108,"column":3}},"loc":{"start":{"line":108,"column":21},"end":{"line":111,"column":3}},"line":108},"8":{"name":"(anonymous_8)","decl":{"start":{"line":113,"column":2},"end":{"line":113,"column":3}},"loc":{"start":{"line":113,"column":17},"end":{"line":117,"column":3}},"line":113},"9":{"name":"(anonymous_9)","decl":{"start":{"line":119,"column":2},"end":{"line":119,"column":3}},"loc":{"start":{"line":119,"column":19},"end":{"line":121,"column":3}},"line":119},"10":{"name":"(anonymous_10)","decl":{"start":{"line":123,"column":2},"end":{"line":123,"column":3}},"loc":{"start":{"line":123,"column":18},"end":{"line":125,"column":3}},"line":123},"11":{"name":"(anonymous_11)","decl":{"start":{"line":127,"column":2},"end":{"line":127,"column":3}},"loc":{"start":{"line":127,"column":20},"end":{"line":129,"column":3}},"line":127},"12":{"name":"(anonymous_12)","decl":{"start":{"line":131,"column":2},"end":{"line":131,"column":3}},"loc":{"start":{"line":131,"column":15},"end":{"line":133,"column":3}},"line":131},"13":{"name":"(anonymous_13)","decl":{"start":{"line":135,"column":2},"end":{"line":135,"column":3}},"loc":{"start":{"line":135,"column":21},"end":{"line":137,"column":3}},"line":135},"14":{"name":"(anonymous_14)","decl":{"start":{"line":139,"column":2},"end":{"line":139,"column":3}},"loc":{"start":{"line":139,"column":20},"end":{"line":141,"column":3}},"line":139},"15":{"name":"(anonymous_15)","decl":{"start":{"line":143,"column":2},"end":{"line":143,"column":3}},"loc":{"start":{"line":143,"column":16},"end":{"line":145,"column":3}},"line":143},"16":{"name":"(anonymous_16)","decl":{"start":{"line":150,"column":48},"end":{"line":150,"column":49}},"loc":{"start":{"line":150,"column":54},"end":{"line":153,"column":3}},"line":150}},"branchMap":{"0":{"loc":{"start":{"line":29,"column":14},"end":{"line":29,"column":26}},"type":"default-arg","locations":[{"start":{"line":29,"column":24},"end":{"line":29,"column":26}}],"line":29},"1":{"loc":{"start":{"line":149,"column":0},"end":{"line":154,"column":1}},"type":"if","locations":[{"start":{"line":149,"column":0},"end":{"line":154,"column":1}},{"start":{},"end":{}}],"line":149}},"s":{"0":4,"1":4,"2":4,"3":4,"4":1,"5":1,"6":1,"7":0,"8":0,"9":0,"10":0,"11":1,"12":0,"13":0,"14":0},"f":{"0":4,"1":1,"2":0,"3":1,"4":1,"5":1,"6":0,"7":0,"8":0,"9":0,"10":0,"11":0,"12":0,"13":0,"14":0,"15":0,"16":0},"b":{"0":[3],"1":[0,1]},"_coverageSchema":"1a1c01bbd47fc00a2c39e90264f33305004495a9","hash":"28e3f48ab0fd9a8db111b7a261284d1e7c03b4f9"}
,"/Users/Richard/Documents/CAI/Code/e210/src/card.js": {"path":"/Users/Richard/Documents/CAI/Code/e210/src/card.js","statementMap":{"0":{"start":{"line":32,"column":4},"end":{"line":32,"column":31}},"1":{"start":{"line":33,"column":4},"end":{"line":33,"column":57}},"2":{"start":{"line":36,"column":21},"end":{"line":38,"column":5}},"3":{"start":{"line":41,"column":19},"end":{"line":41,"column":46}},"4":{"start":{"line":44,"column":4},"end":{"line":44,"column":32}},"5":{"start":{"line":46,"column":4},"end":{"line":46,"column":53}},"6":{"start":{"line":48,"column":4},"end":{"line":78,"column":7}},"7":{"start":{"line":82,"column":4},"end":{"line":85,"column":5}},"8":{"start":{"line":83,"column":6},"end":{"line":83,"column":50}},"9":{"start":{"line":84,"column":6},"end":{"line":84,"column":13}},"10":{"start":{"line":87,"column":17},"end":{"line":87,"column":46}},"11":{"start":{"line":88,"column":4},"end":{"line":88,"column":26}},"12":{"start":{"line":89,"column":4},"end":{"line":89,"column":35}},"13":{"start":{"line":90,"column":4},"end":{"line":90,"column":31}},"14":{"start":{"line":93,"column":24},"end":{"line":93,"column":53}},"15":{"start":{"line":94,"column":4},"end":{"line":94,"column":43}},"16":{"start":{"line":95,"column":4},"end":{"line":97,"column":66}},"17":{"start":{"line":104,"column":4},"end":{"line":104,"column":34}},"18":{"start":{"line":107,"column":17},"end":{"line":107,"column":33}},"19":{"start":{"line":109,"column":21},"end":{"line":109,"column":64}},"20":{"start":{"line":112,"column":27},"end":{"line":112,"column":79}},"21":{"start":{"line":114,"column":27},"end":{"line":114,"column":83}},"22":{"start":{"line":116,"column":27},"end":{"line":116,"column":85}},"23":{"start":{"line":118,"column":21},"end":{"line":118,"column":64}},"24":{"start":{"line":121,"column":30},"end":{"line":121,"column":101}},"25":{"start":{"line":122,"column":30},"end":{"line":122,"column":104}},"26":{"start":{"line":123,"column":30},"end":{"line":123,"column":106}},"27":{"start":{"line":126,"column":4},"end":{"line":134,"column":7}},"28":{"start":{"line":137,"column":26},"end":{"line":137,"column":55}},"29":{"start":{"line":140,"column":20},"end":{"line":140,"column":39}},"30":{"start":{"line":151,"column":4},"end":{"line":154,"column":7}},"31":{"start":{"line":155,"column":4},"end":{"line":158,"column":7}},"32":{"start":{"line":160,"column":4},"end":{"line":160,"column":30}},"33":{"start":{"line":163,"column":4},"end":{"line":163,"column":32}},"34":{"start":{"line":165,"column":4},"end":{"line":165,"column":16}},"35":{"start":{"line":169,"column":4},"end":{"line":169,"column":41}},"36":{"start":{"line":173,"column":4},"end":{"line":173,"column":44}},"37":{"start":{"line":177,"column":4},"end":{"line":177,"column":41}},"38":{"start":{"line":181,"column":4},"end":{"line":181,"column":44}},"39":{"start":{"line":185,"column":4},"end":{"line":185,"column":40}},"40":{"start":{"line":189,"column":4},"end":{"line":189,"column":43}},"41":{"start":{"line":209,"column":4},"end":{"line":209,"column":35}},"42":{"start":{"line":213,"column":4},"end":{"line":213,"column":32}},"43":{"start":{"line":217,"column":4},"end":{"line":217,"column":37}},"44":{"start":{"line":221,"column":4},"end":{"line":221,"column":38}},"45":{"start":{"line":226,"column":15},"end":{"line":226,"column":43}},"46":{"start":{"line":229,"column":21},"end":{"line":229,"column":75}},"47":{"start":{"line":230,"column":21},"end":{"line":230,"column":75}},"48":{"start":{"line":232,"column":2},"end":{"line":232,"column":58}},"49":{"start":{"line":232,"column":45},"end":{"line":232,"column":56}},"50":{"start":{"line":233,"column":2},"end":{"line":233,"column":63}},"51":{"start":{"line":233,"column":45},"end":{"line":233,"column":61}},"52":{"start":{"line":236,"column":2},"end":{"line":236,"column":17}},"53":{"start":{"line":238,"column":2},"end":{"line":238,"column":14}}},"fnMap":{"0":{"name":"(anonymous_0)","decl":{"start":{"line":31,"column":2},"end":{"line":31,"column":3}},"loc":{"start":{"line":31,"column":39},"end":{"line":79,"column":3}},"line":31},"1":{"name":"(anonymous_1)","decl":{"start":{"line":81,"column":2},"end":{"line":81,"column":3}},"loc":{"start":{"line":81,"column":31},"end":{"line":166,"column":3}},"line":81},"2":{"name":"(anonymous_2)","decl":{"start":{"line":168,"column":2},"end":{"line":168,"column":3}},"loc":{"start":{"line":168,"column":18},"end":{"line":170,"column":3}},"line":168},"3":{"name":"(anonymous_3)","decl":{"start":{"line":172,"column":2},"end":{"line":172,"column":3}},"loc":{"start":{"line":172,"column":17},"end":{"line":174,"column":3}},"line":172},"4":{"name":"(anonymous_4)","decl":{"start":{"line":176,"column":2},"end":{"line":176,"column":3}},"loc":{"start":{"line":176,"column":18},"end":{"line":178,"column":3}},"line":176},"5":{"name":"(anonymous_5)","decl":{"start":{"line":180,"column":2},"end":{"line":180,"column":3}},"loc":{"start":{"line":180,"column":17},"end":{"line":182,"column":3}},"line":180},"6":{"name":"(anonymous_6)","decl":{"start":{"line":184,"column":2},"end":{"line":184,"column":3}},"loc":{"start":{"line":184,"column":17},"end":{"line":186,"column":3}},"line":184},"7":{"name":"(anonymous_7)","decl":{"start":{"line":188,"column":2},"end":{"line":188,"column":3}},"loc":{"start":{"line":188,"column":16},"end":{"line":190,"column":3}},"line":188},"8":{"name":"(anonymous_8)","decl":{"start":{"line":192,"column":2},"end":{"line":192,"column":3}},"loc":{"start":{"line":192,"column":18},"end":{"line":194,"column":3}},"line":192},"9":{"name":"(anonymous_9)","decl":{"start":{"line":196,"column":2},"end":{"line":196,"column":3}},"loc":{"start":{"line":196,"column":15},"end":{"line":198,"column":3}},"line":196},"10":{"name":"(anonymous_10)","decl":{"start":{"line":200,"column":2},"end":{"line":200,"column":3}},"loc":{"start":{"line":200,"column":16},"end":{"line":202,"column":3}},"line":200},"11":{"name":"(anonymous_11)","decl":{"start":{"line":204,"column":2},"end":{"line":204,"column":3}},"loc":{"start":{"line":204,"column":17},"end":{"line":206,"column":3}},"line":204},"12":{"name":"(anonymous_12)","decl":{"start":{"line":208,"column":2},"end":{"line":208,"column":3}},"loc":{"start":{"line":208,"column":12},"end":{"line":210,"column":3}},"line":208},"13":{"name":"(anonymous_13)","decl":{"start":{"line":212,"column":2},"end":{"line":212,"column":3}},"loc":{"start":{"line":212,"column":9},"end":{"line":214,"column":3}},"line":212},"14":{"name":"(anonymous_14)","decl":{"start":{"line":216,"column":2},"end":{"line":216,"column":3}},"loc":{"start":{"line":216,"column":14},"end":{"line":218,"column":3}},"line":216},"15":{"name":"(anonymous_15)","decl":{"start":{"line":220,"column":2},"end":{"line":220,"column":3}},"loc":{"start":{"line":220,"column":15},"end":{"line":222,"column":3}},"line":220},"16":{"name":"createCard","decl":{"start":{"line":225,"column":16},"end":{"line":225,"column":26}},"loc":{"start":{"line":225,"column":52},"end":{"line":239,"column":1}},"line":225},"17":{"name":"(anonymous_17)","decl":{"start":{"line":232,"column":39},"end":{"line":232,"column":40}},"loc":{"start":{"line":232,"column":45},"end":{"line":232,"column":56}},"line":232},"18":{"name":"(anonymous_18)","decl":{"start":{"line":233,"column":39},"end":{"line":233,"column":40}},"loc":{"start":{"line":233,"column":45},"end":{"line":233,"column":61}},"line":233}},"branchMap":{"0":{"loc":{"start":{"line":31,"column":25},"end":{"line":31,"column":37}},"type":"default-arg","locations":[{"start":{"line":31,"column":35},"end":{"line":31,"column":37}}],"line":31},"1":{"loc":{"start":{"line":82,"column":4},"end":{"line":85,"column":5}},"type":"if","locations":[{"start":{"line":82,"column":4},"end":{"line":85,"column":5}},{"start":{},"end":{}}],"line":82},"2":{"loc":{"start":{"line":225,"column":38},"end":{"line":225,"column":50}},"type":"default-arg","locations":[{"start":{"line":225,"column":48},"end":{"line":225,"column":50}}],"line":225}},"s":{"0":0,"1":0,"2":0,"3":0,"4":0,"5":0,"6":0,"7":0,"8":0,"9":0,"10":0,"11":0,"12":0,"13":0,"14":0,"15":0,"16":0,"17":0,"18":0,"19":0,"20":0,"21":0,"22":0,"23":0,"24":0,"25":0,"26":0,"27":0,"28":0,"29":0,"30":0,"31":0,"32":0,"33":0,"34":0,"35":0,"36":0,"37":0,"38":0,"39":0,"40":0,"41":0,"42":0,"43":0,"44":0,"45":0,"46":0,"47":0,"48":0,"49":0,"50":0,"51":0,"52":0,"53":0},"f":{"0":0,"1":0,"2":0,"3":0,"4":0,"5":0,"6":0,"7":0,"8":0,"9":0,"10":0,"11":0,"12":0,"13":0,"14":0,"15":0,"16":0,"17":0,"18":0},"b":{"0":[0],"1":[0,0],"2":[0]},"_coverageSchema":"1a1c01bbd47fc00a2c39e90264f33305004495a9","hash":"f0f96870da1d74bcc997113933eff608cd6db2c8"}
,"/Users/Richard/Documents/CAI/Code/e210/src/content.js": {"path":"/Users/Richard/Documents/CAI/Code/e210/src/content.js","statementMap":{"0":{"start":{"line":5,"column":14},"end":{"line":5,"column":44}},"1":{"start":{"line":6,"column":2},"end":{"line":9,"column":3}},"2":{"start":{"line":7,"column":4},"end":{"line":7,"column":45}},"3":{"start":{"line":8,"column":4},"end":{"line":8,"column":11}},"4":{"start":{"line":12,"column":19},"end":{"line":14,"column":3}},"5":{"start":{"line":16,"column":2},"end":{"line":16,"column":33}},"6":{"start":{"line":17,"column":2},"end":{"line":17,"column":26}},"7":{"start":{"line":18,"column":2},"end":{"line":18,"column":27}},"8":{"start":{"line":20,"column":16},"end":{"line":20,"column":39}}},"fnMap":{"0":{"name":"createContent","decl":{"start":{"line":4,"column":16},"end":{"line":4,"column":29}},"loc":{"start":{"line":4,"column":32},"end":{"line":46,"column":1}},"line":4}},"branchMap":{"0":{"loc":{"start":{"line":6,"column":2},"end":{"line":9,"column":3}},"type":"if","locations":[{"start":{"line":6,"column":2},"end":{"line":9,"column":3}},{"start":{},"end":{}}],"line":6}},"s":{"0":1,"1":1,"2":1,"3":1,"4":0,"5":0,"6":0,"7":0,"8":0},"f":{"0":1},"b":{"0":[1,0]},"_coverageSchema":"1a1c01bbd47fc00a2c39e90264f33305004495a9","hash":"5d9af34e38b7c6f336ff3a4e31675796a36a2c3e"}
,"/Users/Richard/Documents/CAI/Code/e210/src/gui.js": {"path":"/Users/Richard/Documents/CAI/Code/e210/src/gui.js","statementMap":{"0":{"start":{"line":5,"column":48},"end":{"line":5,"column":55}},"1":{"start":{"line":7,"column":19},"end":{"line":7,"column":63}},"2":{"start":{"line":8,"column":17},"end":{"line":8,"column":49}},"3":{"start":{"line":9,"column":2},"end":{"line":9,"column":23}},"4":{"start":{"line":10,"column":2},"end":{"line":10,"column":34}},"5":{"start":{"line":12,"column":2},"end":{"line":17,"column":3}},"6":{"start":{"line":13,"column":17},"end":{"line":13,"column":46}},"7":{"start":{"line":14,"column":4},"end":{"line":14,"column":23}},"8":{"start":{"line":15,"column":4},"end":{"line":15,"column":39}},"9":{"start":{"line":16,"column":4},"end":{"line":16,"column":29}},"10":{"start":{"line":19,"column":2},"end":{"line":24,"column":3}},"11":{"start":{"line":20,"column":21},"end":{"line":20,"column":51}},"12":{"start":{"line":21,"column":4},"end":{"line":21,"column":43}},"13":{"start":{"line":22,"column":4},"end":{"line":22,"column":38}},"14":{"start":{"line":23,"column":4},"end":{"line":23,"column":33}},"15":{"start":{"line":26,"column":2},"end":{"line":26,"column":36}},"16":{"start":{"line":27,"column":2},"end":{"line":27,"column":16}},"17":{"start":{"line":33,"column":18},"end":{"line":33,"column":58}},"18":{"start":{"line":35,"column":2},"end":{"line":39,"column":5}},"19":{"start":{"line":36,"column":4},"end":{"line":38,"column":7}},"20":{"start":{"line":37,"column":6},"end":{"line":37,"column":44}},"21":{"start":{"line":44,"column":20},"end":{"line":44,"column":65}},"22":{"start":{"line":45,"column":18},"end":{"line":45,"column":47}},"23":{"start":{"line":46,"column":2},"end":{"line":46,"column":25}},"24":{"start":{"line":47,"column":2},"end":{"line":47,"column":36}},"25":{"start":{"line":48,"column":2},"end":{"line":48,"column":27}},"26":{"start":{"line":49,"column":2},"end":{"line":49,"column":37}},"27":{"start":{"line":50,"column":2},"end":{"line":50,"column":17}},"28":{"start":{"line":55,"column":23},"end":{"line":55,"column":65}},"29":{"start":{"line":56,"column":15},"end":{"line":56,"column":45}},"30":{"start":{"line":57,"column":2},"end":{"line":57,"column":25}},"31":{"start":{"line":58,"column":2},"end":{"line":58,"column":30}},"32":{"start":{"line":59,"column":2},"end":{"line":59,"column":34}},"33":{"start":{"line":60,"column":2},"end":{"line":60,"column":14}},"34":{"start":{"line":65,"column":32},"end":{"line":65,"column":84}},"35":{"start":{"line":67,"column":24},"end":{"line":67,"column":55}},"36":{"start":{"line":68,"column":2},"end":{"line":68,"column":43}},"37":{"start":{"line":69,"column":2},"end":{"line":69,"column":49}},"38":{"start":{"line":70,"column":2},"end":{"line":70,"column":34}},"39":{"start":{"line":71,"column":2},"end":{"line":71,"column":36}},"40":{"start":{"line":73,"column":24},"end":{"line":73,"column":55}},"41":{"start":{"line":74,"column":2},"end":{"line":74,"column":55}},"42":{"start":{"line":75,"column":2},"end":{"line":75,"column":43}},"43":{"start":{"line":77,"column":23},"end":{"line":77,"column":52}},"44":{"start":{"line":78,"column":2},"end":{"line":78,"column":53}},"45":{"start":{"line":80,"column":2},"end":{"line":86,"column":3}},"46":{"start":{"line":81,"column":4},"end":{"line":81,"column":66}},"47":{"start":{"line":82,"column":4},"end":{"line":82,"column":45}},"48":{"start":{"line":84,"column":4},"end":{"line":84,"column":45}},"49":{"start":{"line":85,"column":4},"end":{"line":85,"column":66}},"50":{"start":{"line":88,"column":2},"end":{"line":88,"column":42}},"51":{"start":{"line":89,"column":2},"end":{"line":89,"column":42}},"52":{"start":{"line":91,"column":2},"end":{"line":91,"column":22}},"53":{"start":{"line":96,"column":32},"end":{"line":96,"column":84}},"54":{"start":{"line":97,"column":24},"end":{"line":97,"column":53}},"55":{"start":{"line":98,"column":2},"end":{"line":98,"column":43}},"56":{"start":{"line":99,"column":2},"end":{"line":99,"column":49}},"57":{"start":{"line":100,"column":2},"end":{"line":100,"column":34}},"58":{"start":{"line":101,"column":2},"end":{"line":101,"column":43}},"59":{"start":{"line":102,"column":2},"end":{"line":102,"column":23}},"60":{"start":{"line":107,"column":2},"end":{"line":107,"column":27}},"61":{"start":{"line":108,"column":35},"end":{"line":108,"column":91}},"62":{"start":{"line":110,"column":27},"end":{"line":110,"column":58}},"63":{"start":{"line":111,"column":2},"end":{"line":111,"column":49}},"64":{"start":{"line":112,"column":2},"end":{"line":112,"column":56}},"65":{"start":{"line":113,"column":2},"end":{"line":113,"column":41}},"66":{"start":{"line":114,"column":2},"end":{"line":114,"column":34}},"67":{"start":{"line":115,"column":2},"end":{"line":115,"column":39}},"68":{"start":{"line":117,"column":21},"end":{"line":117,"column":52}},"69":{"start":{"line":118,"column":2},"end":{"line":118,"column":49}},"70":{"start":{"line":119,"column":2},"end":{"line":119,"column":48}},"71":{"start":{"line":121,"column":20},"end":{"line":121,"column":49}},"72":{"start":{"line":122,"column":2},"end":{"line":122,"column":47}},"73":{"start":{"line":124,"column":2},"end":{"line":130,"column":3}},"74":{"start":{"line":125,"column":4},"end":{"line":125,"column":63}},"75":{"start":{"line":126,"column":4},"end":{"line":126,"column":45}},"76":{"start":{"line":128,"column":4},"end":{"line":128,"column":45}},"77":{"start":{"line":129,"column":4},"end":{"line":129,"column":63}},"78":{"start":{"line":132,"column":2},"end":{"line":132,"column":36}},"79":{"start":{"line":133,"column":2},"end":{"line":133,"column":39}},"80":{"start":{"line":135,"column":2},"end":{"line":135,"column":19}},"81":{"start":{"line":140,"column":165},"end":{"line":140,"column":172}},"82":{"start":{"line":142,"column":28},"end":{"line":142,"column":76}},"83":{"start":{"line":143,"column":33},"end":{"line":143,"column":61}},"84":{"start":{"line":145,"column":18},"end":{"line":145,"column":47}},"85":{"start":{"line":146,"column":2},"end":{"line":146,"column":47}},"86":{"start":{"line":148,"column":23},"end":{"line":148,"column":54}},"87":{"start":{"line":149,"column":2},"end":{"line":149,"column":43}},"88":{"start":{"line":150,"column":2},"end":{"line":150,"column":50}},"89":{"start":{"line":151,"column":2},"end":{"line":151,"column":35}},"90":{"start":{"line":152,"column":2},"end":{"line":158,"column":3}},"91":{"start":{"line":153,"column":25},"end":{"line":153,"column":55}},"92":{"start":{"line":154,"column":4},"end":{"line":154,"column":50}},"93":{"start":{"line":155,"column":4},"end":{"line":155,"column":53}},"94":{"start":{"line":156,"column":4},"end":{"line":156,"column":36}},"95":{"start":{"line":157,"column":4},"end":{"line":157,"column":43}},"96":{"start":{"line":160,"column":20},"end":{"line":160,"column":51}},"97":{"start":{"line":161,"column":2},"end":{"line":161,"column":26}},"98":{"start":{"line":162,"column":2},"end":{"line":162,"column":35}},"99":{"start":{"line":163,"column":2},"end":{"line":163,"column":41}},"100":{"start":{"line":164,"column":2},"end":{"line":164,"column":38}},"101":{"start":{"line":165,"column":2},"end":{"line":165,"column":32}},"102":{"start":{"line":166,"column":2},"end":{"line":166,"column":43}},"103":{"start":{"line":166,"column":15},"end":{"line":166,"column":43}},"104":{"start":{"line":167,"column":2},"end":{"line":167,"column":58}},"105":{"start":{"line":167,"column":26},"end":{"line":167,"column":58}},"106":{"start":{"line":168,"column":2},"end":{"line":168,"column":58}},"107":{"start":{"line":168,"column":26},"end":{"line":168,"column":58}},"108":{"start":{"line":170,"column":23},"end":{"line":170,"column":52}},"109":{"start":{"line":171,"column":2},"end":{"line":171,"column":43}},"110":{"start":{"line":172,"column":2},"end":{"line":172,"column":50}},"111":{"start":{"line":173,"column":2},"end":{"line":173,"column":51}},"112":{"start":{"line":174,"column":2},"end":{"line":174,"column":29}},"113":{"start":{"line":176,"column":2},"end":{"line":176,"column":36}},"114":{"start":{"line":177,"column":2},"end":{"line":177,"column":33}},"115":{"start":{"line":178,"column":2},"end":{"line":178,"column":36}},"116":{"start":{"line":180,"column":24},"end":{"line":208,"column":3}},"117":{"start":{"line":181,"column":18},"end":{"line":181,"column":22}},"118":{"start":{"line":182,"column":28},"end":{"line":182,"column":30}},"119":{"start":{"line":184,"column":4},"end":{"line":196,"column":5}},"120":{"start":{"line":185,"column":6},"end":{"line":185,"column":22}},"121":{"start":{"line":186,"column":6},"end":{"line":186,"column":51}},"122":{"start":{"line":187,"column":11},"end":{"line":196,"column":5}},"123":{"start":{"line":188,"column":6},"end":{"line":188,"column":22}},"124":{"start":{"line":189,"column":6},"end":{"line":189,"column":39}},"125":{"start":{"line":190,"column":11},"end":{"line":196,"column":5}},"126":{"start":{"line":191,"column":6},"end":{"line":191,"column":22}},"127":{"start":{"line":192,"column":6},"end":{"line":192,"column":70}},"128":{"start":{"line":193,"column":11},"end":{"line":196,"column":5}},"129":{"start":{"line":194,"column":6},"end":{"line":194,"column":22}},"130":{"start":{"line":195,"column":6},"end":{"line":195,"column":70}},"131":{"start":{"line":198,"column":4},"end":{"line":207,"column":5}},"132":{"start":{"line":199,"column":6},"end":{"line":199,"column":53}},"133":{"start":{"line":200,"column":6},"end":{"line":200,"column":73}},"134":{"start":{"line":201,"column":6},"end":{"line":201,"column":51}},"135":{"start":{"line":202,"column":6},"end":{"line":202,"column":34}},"136":{"start":{"line":204,"column":6},"end":{"line":204,"column":48}},"137":{"start":{"line":205,"column":6},"end":{"line":205,"column":52}},"138":{"start":{"line":206,"column":6},"end":{"line":206,"column":33}},"139":{"start":{"line":210,"column":2},"end":{"line":210,"column":53}},"140":{"start":{"line":211,"column":2},"end":{"line":211,"column":52}},"141":{"start":{"line":213,"column":2},"end":{"line":213,"column":37}},"142":{"start":{"line":214,"column":2},"end":{"line":214,"column":17}},"143":{"start":{"line":219,"column":20},"end":{"line":219,"column":66}},"144":{"start":{"line":220,"column":18},"end":{"line":220,"column":47}},"145":{"start":{"line":221,"column":2},"end":{"line":221,"column":25}},"146":{"start":{"line":222,"column":2},"end":{"line":222,"column":37}},"147":{"start":{"line":223,"column":2},"end":{"line":223,"column":37}},"148":{"start":{"line":224,"column":2},"end":{"line":224,"column":17}},"149":{"start":{"line":231,"column":18},"end":{"line":231,"column":52}},"150":{"start":{"line":232,"column":2},"end":{"line":235,"column":3}},"151":{"start":{"line":233,"column":4},"end":{"line":233,"column":49}},"152":{"start":{"line":234,"column":4},"end":{"line":234,"column":11}},"153":{"start":{"line":237,"column":20},"end":{"line":237,"column":61}},"154":{"start":{"line":239,"column":2},"end":{"line":243,"column":4}},"155":{"start":{"line":245,"column":25},"end":{"line":245,"column":59}},"156":{"start":{"line":246,"column":17},"end":{"line":246,"column":18}},"157":{"start":{"line":248,"column":2},"end":{"line":251,"column":11}},"158":{"start":{"line":249,"column":4},"end":{"line":249,"column":20}},"159":{"start":{"line":250,"column":4},"end":{"line":250,"column":62}},"160":{"start":{"line":255,"column":18},"end":{"line":255,"column":52}},"161":{"start":{"line":256,"column":2},"end":{"line":258,"column":3}},"162":{"start":{"line":257,"column":4},"end":{"line":257,"column":27}},"163":{"start":{"line":260,"column":2},"end":{"line":263,"column":3}},"164":{"start":{"line":261,"column":4},"end":{"line":261,"column":35}},"165":{"start":{"line":262,"column":4},"end":{"line":262,"column":27}}},"fnMap":{"0":{"name":"createButton","decl":{"start":{"line":4,"column":16},"end":{"line":4,"column":28}},"loc":{"start":{"line":4,"column":58},"end":{"line":28,"column":1}},"line":4},"1":{"name":"initializeButtons","decl":{"start":{"line":31,"column":16},"end":{"line":31,"column":33}},"loc":{"start":{"line":31,"column":36},"end":{"line":40,"column":1}},"line":31},"2":{"name":"(anonymous_2)","decl":{"start":{"line":35,"column":18},"end":{"line":35,"column":19}},"loc":{"start":{"line":35,"column":37},"end":{"line":39,"column":3}},"line":35},"3":{"name":"(anonymous_3)","decl":{"start":{"line":36,"column":37},"end":{"line":36,"column":38}},"loc":{"start":{"line":36,"column":43},"end":{"line":38,"column":5}},"line":36},"4":{"name":"createDivider","decl":{"start":{"line":43,"column":16},"end":{"line":43,"column":29}},"loc":{"start":{"line":43,"column":55},"end":{"line":51,"column":1}},"line":43},"5":{"name":"createForm","decl":{"start":{"line":54,"column":16},"end":{"line":54,"column":26}},"loc":{"start":{"line":54,"column":42},"end":{"line":61,"column":1}},"line":54},"6":{"name":"createInputCheckbox","decl":{"start":{"line":64,"column":16},"end":{"line":64,"column":35}},"loc":{"start":{"line":64,"column":87},"end":{"line":92,"column":1}},"line":64},"7":{"name":"createInputPassword","decl":{"start":{"line":95,"column":16},"end":{"line":95,"column":35}},"loc":{"start":{"line":95,"column":51},"end":{"line":103,"column":1}},"line":95},"8":{"name":"createInputRadioButton","decl":{"start":{"line":106,"column":16},"end":{"line":106,"column":38}},"loc":{"start":{"line":106,"column":106},"end":{"line":136,"column":1}},"line":106},"9":{"name":"createInputText","decl":{"start":{"line":139,"column":16},"end":{"line":139,"column":31}},"loc":{"start":{"line":139,"column":61},"end":{"line":215,"column":1}},"line":139},"10":{"name":"(anonymous_10)","decl":{"start":{"line":180,"column":24},"end":{"line":180,"column":25}},"loc":{"start":{"line":180,"column":30},"end":{"line":208,"column":3}},"line":180},"11":{"name":"createMenuBar","decl":{"start":{"line":218,"column":16},"end":{"line":218,"column":29}},"loc":{"start":{"line":218,"column":45},"end":{"line":225,"column":1}},"line":218},"12":{"name":"createSpinner","decl":{"start":{"line":230,"column":16},"end":{"line":230,"column":29}},"loc":{"start":{"line":230,"column":32},"end":{"line":252,"column":1}},"line":230},"13":{"name":"(anonymous_13)","decl":{"start":{"line":248,"column":32},"end":{"line":248,"column":33}},"loc":{"start":{"line":248,"column":38},"end":{"line":251,"column":3}},"line":248},"14":{"name":"deleteSpinner","decl":{"start":{"line":254,"column":16},"end":{"line":254,"column":29}},"loc":{"start":{"line":254,"column":32},"end":{"line":264,"column":1}},"line":254}},"branchMap":{"0":{"loc":{"start":{"line":4,"column":44},"end":{"line":4,"column":56}},"type":"default-arg","locations":[{"start":{"line":4,"column":54},"end":{"line":4,"column":56}}],"line":4},"1":{"loc":{"start":{"line":5,"column":10},"end":{"line":5,"column":24}},"type":"default-arg","locations":[{"start":{"line":5,"column":20},"end":{"line":5,"column":24}}],"line":5},"2":{"loc":{"start":{"line":5,"column":26},"end":{"line":5,"column":43}},"type":"default-arg","locations":[{"start":{"line":5,"column":39},"end":{"line":5,"column":43}}],"line":5},"3":{"loc":{"start":{"line":12,"column":2},"end":{"line":17,"column":3}},"type":"if","locations":[{"start":{"line":12,"column":2},"end":{"line":17,"column":3}},{"start":{},"end":{}}],"line":12},"4":{"loc":{"start":{"line":19,"column":2},"end":{"line":24,"column":3}},"type":"if","locations":[{"start":{"line":19,"column":2},"end":{"line":24,"column":3}},{"start":{},"end":{}}],"line":19},"5":{"loc":{"start":{"line":80,"column":2},"end":{"line":86,"column":3}},"type":"if","locations":[{"start":{"line":80,"column":2},"end":{"line":86,"column":3}},{"start":{"line":83,"column":9},"end":{"line":86,"column":3}}],"line":80},"6":{"loc":{"start":{"line":124,"column":2},"end":{"line":130,"column":3}},"type":"if","locations":[{"start":{"line":124,"column":2},"end":{"line":130,"column":3}},{"start":{"line":127,"column":9},"end":{"line":130,"column":3}}],"line":124},"7":{"loc":{"start":{"line":139,"column":47},"end":{"line":139,"column":59}},"type":"default-arg","locations":[{"start":{"line":139,"column":57},"end":{"line":139,"column":59}}],"line":139},"8":{"loc":{"start":{"line":140,"column":10},"end":{"line":140,"column":30}},"type":"default-arg","locations":[{"start":{"line":140,"column":18},"end":{"line":140,"column":30}}],"line":140},"9":{"loc":{"start":{"line":140,"column":32},"end":{"line":140,"column":58}},"type":"default-arg","locations":[{"start":{"line":140,"column":46},"end":{"line":140,"column":58}}],"line":140},"10":{"loc":{"start":{"line":140,"column":60},"end":{"line":140,"column":76}},"type":"default-arg","locations":[{"start":{"line":140,"column":71},"end":{"line":140,"column":76}}],"line":140},"11":{"loc":{"start":{"line":140,"column":78},"end":{"line":140,"column":92}},"type":"default-arg","locations":[{"start":{"line":140,"column":88},"end":{"line":140,"column":92}}],"line":140},"12":{"loc":{"start":{"line":140,"column":94},"end":{"line":140,"column":124}},"type":"default-arg","locations":[{"start":{"line":140,"column":109},"end":{"line":140,"column":124}}],"line":140},"13":{"loc":{"start":{"line":140,"column":126},"end":{"line":140,"column":142}},"type":"default-arg","locations":[{"start":{"line":140,"column":138},"end":{"line":140,"column":142}}],"line":140},"14":{"loc":{"start":{"line":140,"column":144},"end":{"line":140,"column":160}},"type":"default-arg","locations":[{"start":{"line":140,"column":156},"end":{"line":140,"column":160}}],"line":140},"15":{"loc":{"start":{"line":152,"column":2},"end":{"line":158,"column":3}},"type":"if","locations":[{"start":{"line":152,"column":2},"end":{"line":158,"column":3}},{"start":{},"end":{}}],"line":152},"16":{"loc":{"start":{"line":166,"column":2},"end":{"line":166,"column":43}},"type":"if","locations":[{"start":{"line":166,"column":2},"end":{"line":166,"column":43}},{"start":{},"end":{}}],"line":166},"17":{"loc":{"start":{"line":167,"column":2},"end":{"line":167,"column":58}},"type":"if","locations":[{"start":{"line":167,"column":2},"end":{"line":167,"column":58}},{"start":{},"end":{}}],"line":167},"18":{"loc":{"start":{"line":168,"column":2},"end":{"line":168,"column":58}},"type":"if","locations":[{"start":{"line":168,"column":2},"end":{"line":168,"column":58}},{"start":{},"end":{}}],"line":168},"19":{"loc":{"start":{"line":184,"column":4},"end":{"line":196,"column":5}},"type":"if","locations":[{"start":{"line":184,"column":4},"end":{"line":196,"column":5}},{"start":{"line":187,"column":11},"end":{"line":196,"column":5}}],"line":184},"20":{"loc":{"start":{"line":184,"column":8},"end":{"line":184,"column":49}},"type":"binary-expr","locations":[{"start":{"line":184,"column":8},"end":{"line":184,"column":16}},{"start":{"line":184,"column":20},"end":{"line":184,"column":49}}],"line":184},"21":{"loc":{"start":{"line":187,"column":11},"end":{"line":196,"column":5}},"type":"if","locations":[{"start":{"line":187,"column":11},"end":{"line":196,"column":5}},{"start":{"line":190,"column":11},"end":{"line":196,"column":5}}],"line":187},"22":{"loc":{"start":{"line":187,"column":15},"end":{"line":187,"column":68}},"type":"binary-expr","locations":[{"start":{"line":187,"column":15},"end":{"line":187,"column":22}},{"start":{"line":187,"column":26},"end":{"line":187,"column":68}}],"line":187},"23":{"loc":{"start":{"line":190,"column":11},"end":{"line":196,"column":5}},"type":"if","locations":[{"start":{"line":190,"column":11},"end":{"line":196,"column":5}},{"start":{"line":193,"column":11},"end":{"line":196,"column":5}}],"line":190},"24":{"loc":{"start":{"line":190,"column":15},"end":{"line":190,"column":71}},"type":"binary-expr","locations":[{"start":{"line":190,"column":15},"end":{"line":190,"column":33}},{"start":{"line":190,"column":37},"end":{"line":190,"column":71}}],"line":190},"25":{"loc":{"start":{"line":193,"column":11},"end":{"line":196,"column":5}},"type":"if","locations":[{"start":{"line":193,"column":11},"end":{"line":196,"column":5}},{"start":{},"end":{}}],"line":193},"26":{"loc":{"start":{"line":193,"column":15},"end":{"line":193,"column":71}},"type":"binary-expr","locations":[{"start":{"line":193,"column":15},"end":{"line":193,"column":33}},{"start":{"line":193,"column":37},"end":{"line":193,"column":71}}],"line":193},"27":{"loc":{"start":{"line":198,"column":4},"end":{"line":207,"column":5}},"type":"if","locations":[{"start":{"line":198,"column":4},"end":{"line":207,"column":5}},{"start":{"line":203,"column":11},"end":{"line":207,"column":5}}],"line":198},"28":{"loc":{"start":{"line":232,"column":2},"end":{"line":235,"column":3}},"type":"if","locations":[{"start":{"line":232,"column":2},"end":{"line":235,"column":3}},{"start":{},"end":{}}],"line":232},"29":{"loc":{"start":{"line":256,"column":2},"end":{"line":258,"column":3}},"type":"if","locations":[{"start":{"line":256,"column":2},"end":{"line":258,"column":3}},{"start":{},"end":{}}],"line":256},"30":{"loc":{"start":{"line":260,"column":2},"end":{"line":263,"column":3}},"type":"if","locations":[{"start":{"line":260,"column":2},"end":{"line":263,"column":3}},{"start":{},"end":{}}],"line":260}},"s":{"0":0,"1":0,"2":0,"3":0,"4":0,"5":0,"6":0,"7":0,"8":0,"9":0,"10":0,"11":0,"12":0,"13":0,"14":0,"15":0,"16":0,"17":1,"18":1,"19":3,"20":3,"21":0,"22":0,"23":0,"24":0,"25":0,"26":0,"27":0,"28":0,"29":0,"30":0,"31":0,"32":0,"33":0,"34":0,"35":0,"36":0,"37":0,"38":0,"39":0,"40":0,"41":0,"42":0,"43":0,"44":0,"45":0,"46":0,"47":0,"48":0,"49":0,"50":0,"51":0,"52":0,"53":0,"54":0,"55":0,"56":0,"57":0,"58":0,"59":0,"60":0,"61":0,"62":0,"63":0,"64":0,"65":0,"66":0,"67":0,"68":0,"69":0,"70":0,"71":0,"72":0,"73":0,"74":0,"75":0,"76":0,"77":0,"78":0,"79":0,"80":0,"81":0,"82":0,"83":0,"84":0,"85":0,"86":0,"87":0,"88":0,"89":0,"90":0,"91":0,"92":0,"93":0,"94":0,"95":0,"96":0,"97":0,"98":0,"99":0,"100":0,"101":0,"102":0,"103":0,"104":0,"105":0,"106":0,"107":0,"108":0,"109":0,"110":0,"111":0,"112":0,"113":0,"114":0,"115":0,"116":0,"117":0,"118":0,"119":0,"120":0,"121":0,"122":0,"123":0,"124":0,"125":0,"126":0,"127":0,"128":0,"129":0,"130":0,"131":0,"132":0,"133":0,"134":0,"135":0,"136":0,"137":0,"138":0,"139":0,"140":0,"141":0,"142":0,"143":1,"144":1,"145":1,"146":1,"147":1,"148":1,"149":4,"150":4,"151":1,"152":1,"153":3,"154":3,"155":3,"156":3,"157":3,"158":0,"159":0,"160":1,"161":1,"162":1,"163":1,"164":1,"165":1},"f":{"0":0,"1":1,"2":3,"3":3,"4":0,"5":0,"6":0,"7":0,"8":0,"9":0,"10":0,"11":1,"12":4,"13":0,"14":1},"b":{"0":[0],"1":[0],"2":[0],"3":[0,0],"4":[0,0],"5":[0,0],"6":[0,0],"7":[0],"8":[0],"9":[0],"10":[0],"11":[0],"12":[0],"13":[0],"14":[0],"15":[0,0],"16":[0,0],"17":[0,0],"18":[0,0],"19":[0,0],"20":[0,0],"21":[0,0],"22":[0,0],"23":[0,0],"24":[0,0],"25":[0,0],"26":[0,0],"27":[0,0],"28":[1,3],"29":[1,0],"30":[1,0]},"_coverageSchema":"1a1c01bbd47fc00a2c39e90264f33305004495a9","hash":"ac5402ada1f175fa8dfe2bf792367e39ae255528"}
,"/Users/Richard/Documents/CAI/Code/e210/src/patterns.js": {"path":"/Users/Richard/Documents/CAI/Code/e210/src/patterns.js","statementMap":{"0":{"start":{"line":33,"column":26},"end":{"line":89,"column":1}},"1":{"start":{"line":35,"column":23},"end":{"line":35,"column":35}},"2":{"start":{"line":37,"column":27},"end":{"line":43,"column":5}},"3":{"start":{"line":38,"column":6},"end":{"line":42,"column":7}},"4":{"start":{"line":39,"column":8},"end":{"line":39,"column":51}},"5":{"start":{"line":39,"column":36},"end":{"line":39,"column":49}},"6":{"start":{"line":40,"column":13},"end":{"line":42,"column":7}},"7":{"start":{"line":41,"column":8},"end":{"line":41,"column":23}},"8":{"start":{"line":45,"column":4},"end":{"line":87,"column":6}},"9":{"start":{"line":47,"column":36},"end":{"line":47,"column":56}},"10":{"start":{"line":48,"column":8},"end":{"line":70,"column":9}},"11":{"start":{"line":49,"column":38},"end":{"line":49,"column":64}},"12":{"start":{"line":52,"column":10},"end":{"line":54,"column":11}},"13":{"start":{"line":53,"column":12},"end":{"line":53,"column":60}},"14":{"start":{"line":57,"column":10},"end":{"line":59,"column":11}},"15":{"start":{"line":58,"column":12},"end":{"line":58,"column":43}},"16":{"start":{"line":62,"column":10},"end":{"line":66,"column":11}},"17":{"start":{"line":63,"column":12},"end":{"line":63,"column":56}},"18":{"start":{"line":65,"column":12},"end":{"line":65,"column":48}},"19":{"start":{"line":68,"column":10},"end":{"line":68,"column":32}},"20":{"start":{"line":69,"column":10},"end":{"line":69,"column":24}},"21":{"start":{"line":71,"column":8},"end":{"line":71,"column":28}},"22":{"start":{"line":75,"column":8},"end":{"line":75,"column":28}},"23":{"start":{"line":79,"column":36},"end":{"line":79,"column":56}},"24":{"start":{"line":80,"column":8},"end":{"line":80,"column":69}},"25":{"start":{"line":84,"column":36},"end":{"line":84,"column":56}},"26":{"start":{"line":85,"column":8},"end":{"line":85,"column":75}}},"fnMap":{"0":{"name":"(anonymous_0)","decl":{"start":{"line":34,"column":2},"end":{"line":34,"column":3}},"loc":{"start":{"line":34,"column":38},"end":{"line":88,"column":3}},"line":34},"1":{"name":"(anonymous_1)","decl":{"start":{"line":37,"column":27},"end":{"line":37,"column":28}},"loc":{"start":{"line":37,"column":47},"end":{"line":43,"column":5}},"line":37},"2":{"name":"(anonymous_2)","decl":{"start":{"line":39,"column":24},"end":{"line":39,"column":25}},"loc":{"start":{"line":39,"column":36},"end":{"line":39,"column":49}},"line":39},"3":{"name":"(anonymous_3)","decl":{"start":{"line":46,"column":6},"end":{"line":46,"column":7}},"loc":{"start":{"line":46,"column":24},"end":{"line":72,"column":7}},"line":46},"4":{"name":"(anonymous_4)","decl":{"start":{"line":74,"column":6},"end":{"line":74,"column":7}},"loc":{"start":{"line":74,"column":17},"end":{"line":76,"column":7}},"line":74},"5":{"name":"(anonymous_5)","decl":{"start":{"line":78,"column":6},"end":{"line":78,"column":7}},"loc":{"start":{"line":78,"column":27},"end":{"line":81,"column":7}},"line":78},"6":{"name":"(anonymous_6)","decl":{"start":{"line":83,"column":6},"end":{"line":83,"column":7}},"loc":{"start":{"line":83,"column":23},"end":{"line":86,"column":7}},"line":83}},"branchMap":{"0":{"loc":{"start":{"line":38,"column":6},"end":{"line":42,"column":7}},"type":"if","locations":[{"start":{"line":38,"column":6},"end":{"line":42,"column":7}},{"start":{"line":40,"column":13},"end":{"line":42,"column":7}}],"line":38},"1":{"loc":{"start":{"line":40,"column":13},"end":{"line":42,"column":7}},"type":"if","locations":[{"start":{"line":40,"column":13},"end":{"line":42,"column":7}},{"start":{},"end":{}}],"line":40},"2":{"loc":{"start":{"line":48,"column":8},"end":{"line":70,"column":9}},"type":"if","locations":[{"start":{"line":48,"column":8},"end":{"line":70,"column":9}},{"start":{},"end":{}}],"line":48},"3":{"loc":{"start":{"line":48,"column":12},"end":{"line":48,"column":61}},"type":"binary-expr","locations":[{"start":{"line":48,"column":12},"end":{"line":48,"column":31}},{"start":{"line":48,"column":35},"end":{"line":48,"column":61}}],"line":48},"4":{"loc":{"start":{"line":52,"column":10},"end":{"line":54,"column":11}},"type":"if","locations":[{"start":{"line":52,"column":10},"end":{"line":54,"column":11}},{"start":{},"end":{}}],"line":52},"5":{"loc":{"start":{"line":57,"column":10},"end":{"line":59,"column":11}},"type":"if","locations":[{"start":{"line":57,"column":10},"end":{"line":59,"column":11}},{"start":{},"end":{}}],"line":57},"6":{"loc":{"start":{"line":62,"column":10},"end":{"line":66,"column":11}},"type":"if","locations":[{"start":{"line":62,"column":10},"end":{"line":66,"column":11}},{"start":{"line":64,"column":17},"end":{"line":66,"column":11}}],"line":62},"7":{"loc":{"start":{"line":62,"column":14},"end":{"line":62,"column":62}},"type":"binary-expr","locations":[{"start":{"line":62,"column":14},"end":{"line":62,"column":20}},{"start":{"line":62,"column":24},"end":{"line":62,"column":38}},{"start":{"line":62,"column":42},"end":{"line":62,"column":62}}],"line":62},"8":{"loc":{"start":{"line":80,"column":18},"end":{"line":80,"column":67}},"type":"binary-expr","locations":[{"start":{"line":80,"column":18},"end":{"line":80,"column":37}},{"start":{"line":80,"column":41},"end":{"line":80,"column":67}}],"line":80},"9":{"loc":{"start":{"line":85,"column":15},"end":{"line":85,"column":74}},"type":"binary-expr","locations":[{"start":{"line":85,"column":15},"end":{"line":85,"column":34}},{"start":{"line":85,"column":38},"end":{"line":85,"column":74}}],"line":85}},"s":{"0":3,"1":14,"2":14,"3":45,"4":0,"5":0,"6":45,"7":45,"8":14,"9":18,"10":18,"11":15,"12":15,"13":15,"14":15,"15":15,"16":15,"17":15,"18":0,"19":15,"20":15,"21":3,"22":9,"23":2,"24":2,"25":2,"26":2},"f":{"0":14,"1":45,"2":0,"3":18,"4":9,"5":2,"6":2},"b":{"0":[0,45],"1":[45,0],"2":[15,3],"3":[18,18],"4":[15,0],"5":[15,0],"6":[15,0],"7":[15,15,15],"8":[2,2],"9":[2,2]},"_coverageSchema":"1a1c01bbd47fc00a2c39e90264f33305004495a9","hash":"8942c78dec4e617981a81c605e3b54b34e568fa6"}
,"/Users/Richard/Documents/CAI/Code/e210/src/utilities.js": {"path":"/Users/Richard/Documents/CAI/Code/e210/src/utilities.js","statementMap":{"0":{"start":{"line":4,"column":20},"end":{"line":60,"column":1}},"1":{"start":{"line":8,"column":4},"end":{"line":10,"column":5}},"2":{"start":{"line":9,"column":6},"end":{"line":9,"column":66}},"3":{"start":{"line":13,"column":4},"end":{"line":20,"column":5}},"4":{"start":{"line":14,"column":31},"end":{"line":14,"column":52}},"5":{"start":{"line":15,"column":29},"end":{"line":15,"column":39}},"6":{"start":{"line":16,"column":6},"end":{"line":16,"column":69}},"7":{"start":{"line":17,"column":6},"end":{"line":17,"column":120}},"8":{"start":{"line":19,"column":6},"end":{"line":19,"column":76}},"9":{"start":{"line":22,"column":17},"end":{"line":22,"column":62}},"10":{"start":{"line":23,"column":4},"end":{"line":25,"column":5}},"11":{"start":{"line":24,"column":6},"end":{"line":24,"column":121}},"12":{"start":{"line":27,"column":4},"end":{"line":27,"column":24}},"13":{"start":{"line":31,"column":4},"end":{"line":36,"column":5}},"14":{"start":{"line":32,"column":27},"end":{"line":32,"column":62}},"15":{"start":{"line":33,"column":6},"end":{"line":33,"column":37}},"16":{"start":{"line":35,"column":6},"end":{"line":35,"column":63}},"17":{"start":{"line":40,"column":19},"end":{"line":40,"column":29}},"18":{"start":{"line":41,"column":24},"end":{"line":41,"column":50}},"19":{"start":{"line":42,"column":4},"end":{"line":53,"column":5}},"20":{"start":{"line":42,"column":17},"end":{"line":42,"column":18}},"21":{"start":{"line":43,"column":19},"end":{"line":43,"column":40}},"22":{"start":{"line":44,"column":6},"end":{"line":52,"column":7}},"23":{"start":{"line":45,"column":25},"end":{"line":45,"column":91}},"24":{"start":{"line":46,"column":8},"end":{"line":51,"column":9}},"25":{"start":{"line":47,"column":10},"end":{"line":47,"column":38}},"26":{"start":{"line":50,"column":10},"end":{"line":50,"column":26}},"27":{"start":{"line":54,"column":4},"end":{"line":54,"column":16}},"28":{"start":{"line":58,"column":4},"end":{"line":58,"column":81}},"29":{"start":{"line":63,"column":18},"end":{"line":65,"column":1}},"30":{"start":{"line":64,"column":22},"end":{"line":64,"column":53}},"31":{"start":{"line":67,"column":18},"end":{"line":70,"column":1}},"32":{"start":{"line":68,"column":27},"end":{"line":68,"column":72}},"33":{"start":{"line":69,"column":26},"end":{"line":69,"column":71}},"34":{"start":{"line":73,"column":18},"end":{"line":77,"column":1}},"35":{"start":{"line":74,"column":29},"end":{"line":74,"column":62}},"36":{"start":{"line":76,"column":27},"end":{"line":76,"column":76}},"37":{"start":{"line":80,"column":18},"end":{"line":88,"column":1}},"38":{"start":{"line":81,"column":17},"end":{"line":81,"column":34}},"39":{"start":{"line":84,"column":24},"end":{"line":84,"column":43}},"40":{"start":{"line":85,"column":22},"end":{"line":85,"column":53}},"41":{"start":{"line":86,"column":4},"end":{"line":86,"column":38}}},"fnMap":{"0":{"name":"(anonymous_0)","decl":{"start":{"line":7,"column":8},"end":{"line":7,"column":9}},"loc":{"start":{"line":7,"column":31},"end":{"line":28,"column":3}},"line":7},"1":{"name":"(anonymous_1)","decl":{"start":{"line":30,"column":8},"end":{"line":30,"column":9}},"loc":{"start":{"line":30,"column":37},"end":{"line":37,"column":3}},"line":30},"2":{"name":"(anonymous_2)","decl":{"start":{"line":39,"column":7},"end":{"line":39,"column":8}},"loc":{"start":{"line":39,"column":17},"end":{"line":55,"column":3}},"line":39},"3":{"name":"(anonymous_3)","decl":{"start":{"line":57,"column":8},"end":{"line":57,"column":9}},"loc":{"start":{"line":57,"column":18},"end":{"line":59,"column":3}},"line":57},"4":{"name":"(anonymous_4)","decl":{"start":{"line":64,"column":13},"end":{"line":64,"column":14}},"loc":{"start":{"line":64,"column":22},"end":{"line":64,"column":53}},"line":64},"5":{"name":"(anonymous_5)","decl":{"start":{"line":68,"column":21},"end":{"line":68,"column":22}},"loc":{"start":{"line":68,"column":27},"end":{"line":68,"column":72}},"line":68},"6":{"name":"(anonymous_6)","decl":{"start":{"line":69,"column":20},"end":{"line":69,"column":21}},"loc":{"start":{"line":69,"column":26},"end":{"line":69,"column":71}},"line":69},"7":{"name":"(anonymous_7)","decl":{"start":{"line":74,"column":15},"end":{"line":74,"column":16}},"loc":{"start":{"line":74,"column":29},"end":{"line":74,"column":62}},"line":74},"8":{"name":"(anonymous_8)","decl":{"start":{"line":76,"column":13},"end":{"line":76,"column":14}},"loc":{"start":{"line":76,"column":27},"end":{"line":76,"column":76}},"line":76},"9":{"name":"(anonymous_9)","decl":{"start":{"line":81,"column":11},"end":{"line":81,"column":12}},"loc":{"start":{"line":81,"column":17},"end":{"line":81,"column":34}},"line":81},"10":{"name":"(anonymous_10)","decl":{"start":{"line":83,"column":22},"end":{"line":83,"column":23}},"loc":{"start":{"line":83,"column":36},"end":{"line":87,"column":3}},"line":83}},"branchMap":{"0":{"loc":{"start":{"line":8,"column":4},"end":{"line":10,"column":5}},"type":"if","locations":[{"start":{"line":8,"column":4},"end":{"line":10,"column":5}},{"start":{},"end":{}}],"line":8},"1":{"loc":{"start":{"line":8,"column":8},"end":{"line":8,"column":45}},"type":"binary-expr","locations":[{"start":{"line":8,"column":8},"end":{"line":8,"column":27}},{"start":{"line":8,"column":31},"end":{"line":8,"column":45}}],"line":8},"2":{"loc":{"start":{"line":16,"column":57},"end":{"line":16,"column":66}},"type":"binary-expr","locations":[{"start":{"line":16,"column":57},"end":{"line":16,"column":61}},{"start":{"line":16,"column":65},"end":{"line":16,"column":66}}],"line":16},"3":{"loc":{"start":{"line":23,"column":4},"end":{"line":25,"column":5}},"type":"if","locations":[{"start":{"line":23,"column":4},"end":{"line":25,"column":5}},{"start":{},"end":{}}],"line":23},"4":{"loc":{"start":{"line":30,"column":22},"end":{"line":30,"column":32}},"type":"default-arg","locations":[{"start":{"line":30,"column":29},"end":{"line":30,"column":32}}],"line":30},"5":{"loc":{"start":{"line":44,"column":6},"end":{"line":52,"column":7}},"type":"if","locations":[{"start":{"line":44,"column":6},"end":{"line":52,"column":7}},{"start":{},"end":{}}],"line":44}},"s":{"0":3,"1":2,"2":0,"3":2,"4":2,"5":2,"6":2,"7":2,"8":0,"9":2,"10":2,"11":0,"12":2,"13":1,"14":1,"15":1,"16":0,"17":2,"18":2,"19":2,"20":2,"21":2,"22":2,"23":2,"24":2,"25":2,"26":0,"27":0,"28":1,"29":3,"30":1,"31":3,"32":13,"33":13,"34":3,"35":0,"36":0,"37":3,"38":2,"39":1,"40":1,"41":1},"f":{"0":2,"1":1,"2":2,"3":1,"4":1,"5":13,"6":13,"7":0,"8":0,"9":2,"10":1},"b":{"0":[0,2],"1":[2,2],"2":[2,0],"3":[0,2],"4":[1],"5":[2,0]},"_coverageSchema":"1a1c01bbd47fc00a2c39e90264f33305004495a9","hash":"6455acd1d0c5333ac6559ff6235776dafe9b3d18"}
}
