TN:
SF:src/a_excellence.js
FN:12,architecture
FN:25,nfr
FN:37,techDebt
FN:46,exampleExlJourney
FN:50,exlJourney
FNF:5
FNH:5
FNDA:1,architecture
FNDA:1,nfr
FNDA:1,techDebt
FNDA:1,exampleExlJourney
FNDA:1,exlJourney
DA:13,1
DA:14,1
DA:15,1
DA:16,1
DA:17,1
DA:18,1
DA:19,1
DA:20,1
DA:21,1
DA:26,1
DA:27,1
DA:28,1
DA:29,1
DA:30,1
DA:31,1
DA:32,1
DA:33,1
DA:38,1
DA:39,1
DA:40,1
DA:41,1
DA:42,1
DA:47,1
LF:23
LH:23
BRF:0
BRH:0
end_of_record
TN:
SF:src/a_value.js
FN:3,exampleValJourney
FN:7,valJourney
FNF:2
FNH:2
FNDA:1,exampleValJourney
FNDA:1,valJourney
DA:4,1
LF:1
LH:1
BRF:0
BRH:0
end_of_record
TN:
SF:src/gui.js
FN:3,(anonymous_0)
FN:6,(anonymous_1)
FNF:2
FNH:0
FNDA:0,(anonymous_0)
FNDA:0,(anonymous_1)
DA:3,1
DA:4,0
DA:6,0
DA:7,0
LF:4
LH:1
BRF:0
BRH:0
end_of_record
TN:
SF:src/utilities.js
FN:5,(anonymous_0)
FN:7,(anonymous_1)
FN:12,(anonymous_2)
FN:14,(anonymous_3)
FN:23,(anonymous_4)
FN:30,(anonymous_5)
FN:53,(anonymous_6)
FN:62,(anonymous_7)
FN:80,(anonymous_8)
FNF:9
FNH:7
FNDA:0,(anonymous_0)
FNDA:0,(anonymous_1)
FNDA:2,(anonymous_2)
FNDA:1,(anonymous_3)
FNDA:1,(anonymous_4)
FNDA:2,(anonymous_5)
FNDA:1,(anonymous_6)
FNDA:2,(anonymous_7)
FNDA:1,(anonymous_8)
DA:4,1
DA:5,0
DA:7,0
DA:11,1
DA:12,2
DA:15,1
DA:16,1
DA:17,1
DA:22,1
DA:23,1
DA:27,1
DA:31,2
DA:32,0
DA:36,2
DA:37,2
DA:38,2
DA:39,2
DA:40,2
DA:42,0
DA:45,2
DA:46,2
DA:47,0
DA:50,2
DA:54,1
DA:55,1
DA:56,1
DA:58,0
DA:63,2
DA:64,2
DA:65,2
DA:66,2
DA:67,2
DA:68,2
DA:69,2
DA:70,2
DA:73,0
DA:77,0
DA:81,1
LF:38
LH:30
BRDA:31,0,0,0
BRDA:31,0,1,2
BRDA:31,1,0,2
BRDA:31,1,1,2
BRDA:39,2,0,2
BRDA:39,2,1,0
BRDA:46,3,0,0
BRDA:46,3,1,2
BRDA:53,4,0,1
BRDA:67,5,0,2
BRDA:67,5,1,0
BRF:11
BRH:7
end_of_record
