TN:
SF:src/app.js
FN:29,(anonymous_0)
FN:79,(anonymous_1)
FN:83,(anonymous_2)
FN:87,(anonymous_3)
FN:91,(anonymous_4)
FN:95,(anonymous_5)
FN:100,(anonymous_6)
FN:103,(anonymous_7)
FN:108,(anonymous_8)
FN:114,(anonymous_9)
FN:118,(anonymous_10)
FN:122,(anonymous_11)
FN:126,(anonymous_12)
FN:130,(anonymous_13)
FN:134,(anonymous_14)
FN:138,(anonymous_15)
FN:145,(anonymous_16)
FNF:17
FNH:5
FNDA:4,(anonymous_0)
FNDA:1,(anonymous_1)
FNDA:0,(anonymous_2)
FNDA:1,(anonymous_3)
FNDA:1,(anonymous_4)
FNDA:1,(anonymous_5)
FNDA:0,(anonymous_6)
FNDA:0,(anonymous_7)
FNDA:0,(anonymous_8)
FNDA:0,(anonymous_9)
FNDA:0,(anonymous_10)
FNDA:0,(anonymous_11)
FNDA:0,(anonymous_12)
FNDA:0,(anonymous_13)
FNDA:0,(anonymous_14)
FNDA:0,(anonymous_15)
FNDA:0,(anonymous_16)
DA:30,4
DA:35,4
DA:36,4
DA:38,4
DA:80,1
DA:97,1
DA:100,1
DA:105,0
DA:110,0
DA:111,0
DA:144,1
DA:145,0
DA:146,0
DA:147,0
LF:14
LH:8
BRDA:29,0,0,3
BRDA:144,1,0,0
BRDA:144,1,1,1
BRF:3
BRH:2
end_of_record
TN:
SF:src/card.js
FN:31,(anonymous_0)
FN:76,(anonymous_1)
FN:165,(anonymous_2)
FN:169,(anonymous_3)
FN:173,(anonymous_4)
FN:177,(anonymous_5)
FN:181,(anonymous_6)
FN:185,(anonymous_7)
FN:189,(anonymous_8)
FN:193,(anonymous_9)
FN:197,(anonymous_10)
FN:201,(anonymous_11)
FN:205,(anonymous_12)
FN:209,(anonymous_13)
FN:213,(anonymous_14)
FN:217,(anonymous_15)
FN:222,createCard
FN:229,(anonymous_17)
FN:230,(anonymous_18)
FNF:19
FNH:0
FNDA:0,(anonymous_0)
FNDA:0,(anonymous_1)
FNDA:0,(anonymous_2)
FNDA:0,(anonymous_3)
FNDA:0,(anonymous_4)
FNDA:0,(anonymous_5)
FNDA:0,(anonymous_6)
FNDA:0,(anonymous_7)
FNDA:0,(anonymous_8)
FNDA:0,(anonymous_9)
FNDA:0,(anonymous_10)
FNDA:0,(anonymous_11)
FNDA:0,(anonymous_12)
FNDA:0,(anonymous_13)
FNDA:0,(anonymous_14)
FNDA:0,(anonymous_15)
FNDA:0,createCard
FNDA:0,(anonymous_17)
FNDA:0,(anonymous_18)
DA:32,0
DA:35,0
DA:36,0
DA:38,0
DA:39,0
DA:41,0
DA:43,0
DA:77,0
DA:78,0
DA:79,0
DA:82,0
DA:83,0
DA:84,0
DA:85,0
DA:88,0
DA:90,0
DA:92,0
DA:95,0
DA:98,0
DA:106,0
DA:109,0
DA:111,0
DA:113,0
DA:115,0
DA:117,0
DA:119,0
DA:121,0
DA:122,0
DA:123,0
DA:125,0
DA:128,0
DA:139,0
DA:143,0
DA:147,0
DA:151,0
DA:157,0
DA:160,0
DA:162,0
DA:166,0
DA:170,0
DA:174,0
DA:178,0
DA:182,0
DA:186,0
DA:206,0
DA:210,0
DA:214,0
DA:218,0
DA:223,0
DA:226,0
DA:227,0
DA:229,0
DA:230,0
DA:233,0
DA:235,0
LF:55
LH:0
BRDA:31,0,0,0
BRDA:77,1,0,0
BRDA:77,1,1,0
BRDA:222,2,0,0
BRF:4
BRH:0
end_of_record
TN:
SF:src/constraint.js
FN:12,(anonymous_0)
FN:25,(anonymous_1)
FN:29,(anonymous_2)
FN:33,(anonymous_3)
FN:40,(anonymous_4)
FN:45,(anonymous_5)
FN:57,(anonymous_6)
FN:62,(anonymous_7)
FN:66,(anonymous_8)
FN:67,(anonymous_9)
FN:71,(anonymous_10)
FN:72,(anonymous_11)
FN:75,(anonymous_12)
FN:76,(anonymous_13)
FN:82,createConstraint
FN:98,(anonymous_15)
FN:104,(anonymous_16)
FN:105,(anonymous_17)
FN:110,(anonymous_18)
FN:111,(anonymous_19)
FN:142,(anonymous_20)
FN:143,(anonymous_21)
FN:148,(anonymous_22)
FN:149,(anonymous_23)
FNF:24
FNH:12
FNDA:9,(anonymous_0)
FNDA:0,(anonymous_1)
FNDA:0,(anonymous_2)
FNDA:1,(anonymous_3)
FNDA:7,(anonymous_4)
FNDA:19,(anonymous_5)
FNDA:2,(anonymous_6)
FNDA:0,(anonymous_7)
FNDA:0,(anonymous_8)
FNDA:0,(anonymous_9)
FNDA:2,(anonymous_10)
FNDA:0,(anonymous_11)
FNDA:0,(anonymous_12)
FNDA:0,(anonymous_13)
FNDA:9,createConstraint
FNDA:2,(anonymous_15)
FNDA:0,(anonymous_16)
FNDA:0,(anonymous_17)
FNDA:0,(anonymous_18)
FNDA:0,(anonymous_19)
FNDA:2,(anonymous_20)
FNDA:3,(anonymous_21)
FNDA:2,(anonymous_22)
FNDA:3,(anonymous_23)
DA:13,9
DA:21,9
DA:22,9
DA:26,0
DA:30,0
DA:34,1
DA:41,7
DA:42,7
DA:46,19
DA:47,6
DA:49,13
DA:51,19
DA:58,2
DA:59,2
DA:63,0
DA:67,0
DA:68,0
DA:72,2
DA:76,0
DA:77,0
DA:83,9
DA:84,2
DA:86,7
DA:91,3
DA:98,2
DA:104,0
DA:105,0
DA:110,0
DA:111,0
DA:142,2
DA:143,3
DA:148,2
DA:149,3
LF:33
LH:22
BRDA:12,0,0,0
BRDA:34,1,0,0
BRDA:34,1,1,1
BRDA:40,2,0,0
BRDA:42,3,0,7
BRDA:42,3,1,0
BRDA:46,4,0,6
BRDA:46,4,1,13
BRDA:57,5,0,0
BRDA:77,6,0,0
BRDA:77,6,1,0
BRDA:83,7,0,2
BRDA:83,7,1,7
BRF:13
BRH:6
end_of_record
TN:
SF:src/content.js
FN:8,createContent
FNF:1
FNH:1
FNDA:1,createContent
DA:9,1
DA:10,1
DA:11,1
DA:12,1
DA:16,0
DA:18,0
DA:25,0
DA:33,0
DA:49,0
DA:53,0
DA:54,0
DA:55,0
DA:57,0
LF:13
LH:4
BRDA:10,0,0,1
BRDA:10,0,1,0
BRF:2
BRH:1
end_of_record
TN:
SF:src/entityInput.js
FN:63,(anonymous_0)
FN:212,(anonymous_1)
FN:213,(anonymous_2)
FN:214,(anonymous_3)
FN:217,(anonymous_4)
FN:218,(anonymous_5)
FN:221,(anonymous_6)
FN:222,(anonymous_7)
FN:225,(anonymous_8)
FN:226,(anonymous_9)
FN:229,(anonymous_10)
FN:230,(anonymous_11)
FN:233,(anonymous_12)
FN:234,(anonymous_13)
FN:237,(anonymous_14)
FN:238,(anonymous_15)
FN:241,(anonymous_16)
FN:242,(anonymous_17)
FN:245,(anonymous_18)
FN:248,(anonymous_19)
FN:251,(anonymous_20)
FN:254,(anonymous_21)
FN:257,(anonymous_22)
FN:260,(anonymous_23)
FN:263,(anonymous_24)
FN:266,(anonymous_25)
FN:269,(anonymous_26)
FN:272,(anonymous_27)
FN:275,(anonymous_28)
FN:278,(anonymous_29)
FN:281,(anonymous_30)
FN:284,(anonymous_31)
FN:289,(anonymous_32)
FN:303,(anonymous_33)
FN:309,(anonymous_34)
FN:315,(anonymous_35)
FN:322,(anonymous_36)
FN:329,(anonymous_37)
FN:333,(anonymous_38)
FN:337,(anonymous_39)
FN:345,(anonymous_40)
FN:352,(anonymous_41)
FN:359,createEntityInput
FNF:43
FNH:4
FNDA:4,(anonymous_0)
FNDA:0,(anonymous_1)
FNDA:0,(anonymous_2)
FNDA:0,(anonymous_3)
FNDA:0,(anonymous_4)
FNDA:0,(anonymous_5)
FNDA:0,(anonymous_6)
FNDA:0,(anonymous_7)
FNDA:0,(anonymous_8)
FNDA:0,(anonymous_9)
FNDA:0,(anonymous_10)
FNDA:0,(anonymous_11)
FNDA:0,(anonymous_12)
FNDA:0,(anonymous_13)
FNDA:0,(anonymous_14)
FNDA:0,(anonymous_15)
FNDA:0,(anonymous_16)
FNDA:0,(anonymous_17)
FNDA:0,(anonymous_18)
FNDA:0,(anonymous_19)
FNDA:0,(anonymous_20)
FNDA:0,(anonymous_21)
FNDA:0,(anonymous_22)
FNDA:0,(anonymous_23)
FNDA:0,(anonymous_24)
FNDA:0,(anonymous_25)
FNDA:0,(anonymous_26)
FNDA:0,(anonymous_27)
FNDA:0,(anonymous_28)
FNDA:0,(anonymous_29)
FNDA:0,(anonymous_30)
FNDA:0,(anonymous_31)
FNDA:1,(anonymous_32)
FNDA:0,(anonymous_33)
FNDA:0,(anonymous_34)
FNDA:0,(anonymous_35)
FNDA:0,(anonymous_36)
FNDA:0,(anonymous_37)
FNDA:0,(anonymous_38)
FNDA:0,(anonymous_39)
FNDA:0,(anonymous_40)
FNDA:1,(anonymous_41)
FNDA:2,createEntityInput
DA:64,4
DA:65,4
DA:66,4
DA:68,4
DA:69,4
DA:70,4
DA:72,4
DA:208,4
DA:215,0
DA:219,0
DA:223,0
DA:227,0
DA:231,0
DA:235,0
DA:239,0
DA:243,0
DA:246,0
DA:249,0
DA:255,0
DA:258,0
DA:261,0
DA:264,0
DA:267,0
DA:270,0
DA:273,0
DA:276,0
DA:282,0
DA:285,0
DA:304,0
DA:305,0
DA:310,0
DA:311,0
DA:316,0
DA:317,0
DA:318,0
DA:323,0
DA:324,0
DA:325,0
DA:330,0
DA:338,0
DA:339,0
DA:340,0
DA:341,0
DA:346,0
DA:347,0
DA:348,0
DA:353,1
DA:354,0
DA:360,2
DA:361,2
DA:362,2
LF:51
LH:12
BRDA:63,0,0,1
BRDA:304,1,0,0
BRDA:304,1,1,0
BRDA:310,2,0,0
BRDA:310,2,1,0
BRDA:317,3,0,0
BRDA:317,3,1,0
BRDA:324,4,0,0
BRDA:324,4,1,0
BRDA:339,5,0,0
BRDA:339,5,1,0
BRDA:340,6,0,0
BRDA:340,6,1,0
BRDA:347,7,0,0
BRDA:347,7,1,0
BRDA:353,8,0,0
BRDA:353,8,1,1
BRDA:353,9,0,1
BRDA:353,9,1,0
BRDA:359,10,0,0
BRF:20
BRH:3
end_of_record
TN:
SF:src/gui.js
FN:4,createButton
FN:47,activateButtons
FN:51,(anonymous_2)
FN:52,(anonymous_3)
FN:59,inactivateButtons
FN:62,createElement
FN:85,createDivider
FN:105,createForm
FN:115,createInputCheckbox
FN:150,createInputRadioButton
FN:186,createInputText
FN:235,(anonymous_11)
FN:281,createSpinner
FN:299,(anonymous_13)
FN:305,deleteSpinner
FNF:15
FNH:6
FNDA:1,createButton
FNDA:1,activateButtons
FNDA:3,(anonymous_2)
FNDA:3,(anonymous_3)
FNDA:0,inactivateButtons
FNDA:0,createElement
FNDA:0,createDivider
FNDA:0,createForm
FNDA:0,createInputCheckbox
FNDA:0,createInputRadioButton
FNDA:0,createInputText
FNDA:0,(anonymous_11)
FNDA:4,createSpinner
FNDA:0,(anonymous_13)
FNDA:1,deleteSpinner
DA:5,1
DA:7,1
DA:8,1
DA:9,1
DA:11,1
DA:12,0
DA:14,1
DA:16,1
DA:17,0
DA:20,1
DA:21,1
DA:22,1
DA:23,1
DA:24,1
DA:27,1
DA:28,1
DA:29,1
DA:30,1
DA:31,1
DA:34,1
DA:35,0
DA:36,0
DA:37,0
DA:38,0
DA:41,1
DA:42,1
DA:49,1
DA:51,1
DA:52,3
DA:53,3
DA:63,0
DA:65,0
DA:66,0
DA:67,0
DA:68,0
DA:69,0
DA:71,0
DA:73,0
DA:74,0
DA:77,0
DA:78,0
DA:80,0
DA:81,0
DA:86,0
DA:88,0
DA:89,0
DA:90,0
DA:92,0
DA:93,0
DA:95,0
DA:97,0
DA:98,0
DA:100,0
DA:101,0
DA:106,0
DA:107,0
DA:108,0
DA:109,0
DA:110,0
DA:111,0
DA:116,0
DA:118,0
DA:120,0
DA:121,0
DA:122,0
DA:123,0
DA:124,0
DA:126,0
DA:127,0
DA:128,0
DA:130,0
DA:131,0
DA:133,0
DA:134,0
DA:135,0
DA:136,0
DA:137,0
DA:139,0
DA:140,0
DA:143,0
DA:144,0
DA:146,0
DA:151,0
DA:153,0
DA:155,0
DA:156,0
DA:157,0
DA:158,0
DA:159,0
DA:160,0
DA:162,0
DA:163,0
DA:164,0
DA:166,0
DA:167,0
DA:169,0
DA:170,0
DA:171,0
DA:172,0
DA:173,0
DA:175,0
DA:176,0
DA:179,0
DA:180,0
DA:182,0
DA:187,0
DA:189,0
DA:190,0
DA:192,0
DA:193,0
DA:195,0
DA:196,0
DA:197,0
DA:198,0
DA:199,0
DA:200,0
DA:201,0
DA:202,0
DA:203,0
DA:206,0
DA:207,0
DA:208,0
DA:209,0
DA:210,0
DA:211,0
DA:213,0
DA:219,0
DA:220,0
DA:221,0
DA:223,0
DA:224,0
DA:225,0
DA:227,0
DA:228,0
DA:229,0
DA:230,0
DA:231,0
DA:233,0
DA:235,0
DA:236,0
DA:237,0
DA:239,0
DA:240,0
DA:241,0
DA:242,0
DA:243,0
DA:244,0
DA:245,0
DA:246,0
DA:247,0
DA:248,0
DA:249,0
DA:250,0
DA:253,0
DA:254,0
DA:255,0
DA:256,0
DA:257,0
DA:258,0
DA:263,0
DA:265,0
DA:266,0
DA:267,0
DA:271,0
DA:272,0
DA:274,0
DA:275,0
DA:282,4
DA:283,4
DA:284,1
DA:285,1
DA:288,3
DA:290,3
DA:296,3
DA:297,3
DA:299,3
DA:300,0
DA:301,0
DA:306,1
DA:307,1
DA:308,1
DA:311,1
DA:312,1
DA:313,1
LF:184
LH:39
BRDA:4,0,0,0
BRDA:5,1,0,0
BRDA:5,2,0,0
BRDA:5,3,0,1
BRDA:5,4,0,1
BRDA:5,5,0,1
BRDA:11,6,0,0
BRDA:11,6,1,1
BRDA:16,7,0,0
BRDA:16,7,1,1
BRDA:20,8,0,1
BRDA:20,8,1,0
BRDA:20,9,0,1
BRDA:20,9,1,1
BRDA:20,9,2,1
BRDA:27,10,0,1
BRDA:27,10,1,0
BRDA:34,11,0,0
BRDA:34,11,1,1
BRDA:34,12,0,1
BRDA:34,12,1,1
BRDA:62,13,0,0
BRDA:63,14,0,0
BRDA:63,15,0,0
BRDA:63,16,0,0
BRDA:68,17,0,0
BRDA:68,17,1,0
BRDA:73,18,0,0
BRDA:73,18,1,0
BRDA:77,19,0,0
BRDA:77,19,1,0
BRDA:85,20,0,0
BRDA:86,21,0,0
BRDA:86,22,0,0
BRDA:92,23,0,0
BRDA:92,23,1,0
BRDA:97,24,0,0
BRDA:97,24,1,0
BRDA:115,25,0,0
BRDA:116,26,0,0
BRDA:116,27,0,0
BRDA:116,28,0,0
BRDA:133,29,0,0
BRDA:133,29,1,0
BRDA:135,30,0,0
BRDA:135,30,1,0
BRDA:150,31,0,0
BRDA:151,32,0,0
BRDA:151,33,0,0
BRDA:151,34,0,0
BRDA:151,35,0,0
BRDA:169,36,0,0
BRDA:169,36,1,0
BRDA:171,37,0,0
BRDA:171,37,1,0
BRDA:186,38,0,0
BRDA:187,39,0,0
BRDA:187,40,0,0
BRDA:187,41,0,0
BRDA:187,42,0,0
BRDA:187,43,0,0
BRDA:187,44,0,0
BRDA:187,45,0,0
BRDA:199,46,0,0
BRDA:199,46,1,0
BRDA:223,47,0,0
BRDA:223,47,1,0
BRDA:224,48,0,0
BRDA:224,48,1,0
BRDA:225,49,0,0
BRDA:225,49,1,0
BRDA:239,50,0,0
BRDA:239,50,1,0
BRDA:239,51,0,0
BRDA:239,51,1,0
BRDA:242,52,0,0
BRDA:242,52,1,0
BRDA:242,53,0,0
BRDA:242,53,1,0
BRDA:245,54,0,0
BRDA:245,54,1,0
BRDA:245,55,0,0
BRDA:245,55,1,0
BRDA:248,56,0,0
BRDA:248,56,1,0
BRDA:248,57,0,0
BRDA:248,57,1,0
BRDA:253,58,0,0
BRDA:253,58,1,0
BRDA:283,59,0,1
BRDA:283,59,1,3
BRDA:307,60,0,1
BRDA:307,60,1,0
BRDA:311,61,0,1
BRDA:311,61,1,0
BRF:95
BRH:17
end_of_record
TN:
SF:src/patterns.js
FN:34,(anonymous_0)
FN:37,(anonymous_1)
FN:39,(anonymous_2)
FN:46,(anonymous_3)
FN:74,(anonymous_4)
FN:78,(anonymous_5)
FN:83,(anonymous_6)
FNF:7
FNH:6
FNDA:14,(anonymous_0)
FNDA:45,(anonymous_1)
FNDA:0,(anonymous_2)
FNDA:18,(anonymous_3)
FNDA:9,(anonymous_4)
FNDA:2,(anonymous_5)
FNDA:2,(anonymous_6)
DA:33,4
DA:35,14
DA:37,14
DA:38,45
DA:39,0
DA:40,45
DA:41,45
DA:45,14
DA:47,18
DA:48,18
DA:49,15
DA:52,15
DA:53,15
DA:57,15
DA:58,15
DA:62,15
DA:63,15
DA:65,0
DA:68,15
DA:69,15
DA:71,3
DA:75,9
DA:79,2
DA:80,2
DA:84,2
DA:85,2
LF:26
LH:24
BRDA:38,0,0,0
BRDA:38,0,1,45
BRDA:40,1,0,45
BRDA:40,1,1,0
BRDA:48,2,0,15
BRDA:48,2,1,3
BRDA:48,3,0,18
BRDA:48,3,1,18
BRDA:52,4,0,15
BRDA:52,4,1,0
BRDA:57,5,0,15
BRDA:57,5,1,0
BRDA:62,6,0,15
BRDA:62,6,1,0
BRDA:62,7,0,15
BRDA:62,7,1,15
BRDA:62,7,2,15
BRDA:80,8,0,2
BRDA:80,8,1,2
BRDA:85,9,0,2
BRDA:85,9,1,2
BRF:21
BRH:16
end_of_record
TN:
SF:src/step.js
FN:42,(anonymous_0)
FN:133,(anonymous_1)
FN:142,(anonymous_2)
FN:146,(anonymous_3)
FN:150,(anonymous_4)
FN:154,(anonymous_5)
FN:158,(anonymous_6)
FN:162,(anonymous_7)
FN:166,(anonymous_8)
FN:170,(anonymous_9)
FN:174,(anonymous_10)
FN:178,(anonymous_11)
FN:183,(anonymous_12)
FN:187,(anonymous_13)
FN:191,(anonymous_14)
FN:195,(anonymous_15)
FN:199,(anonymous_16)
FN:203,(anonymous_17)
FN:207,(anonymous_18)
FN:211,(anonymous_19)
FN:215,(anonymous_20)
FN:219,(anonymous_21)
FN:223,(anonymous_22)
FN:227,(anonymous_23)
FN:231,(anonymous_24)
FN:236,(anonymous_25)
FN:240,(anonymous_26)
FN:244,(anonymous_27)
FN:248,(anonymous_28)
FN:252,(anonymous_29)
FN:256,(anonymous_30)
FN:260,(anonymous_31)
FN:264,(anonymous_32)
FN:268,(anonymous_33)
FN:272,(anonymous_34)
FN:276,(anonymous_35)
FN:281,createStep
FNF:37
FNH:18
FNDA:19,(anonymous_0)
FNDA:19,(anonymous_1)
FNDA:1,(anonymous_2)
FNDA:1,(anonymous_3)
FNDA:1,(anonymous_4)
FNDA:1,(anonymous_5)
FNDA:0,(anonymous_6)
FNDA:0,(anonymous_7)
FNDA:0,(anonymous_8)
FNDA:0,(anonymous_9)
FNDA:0,(anonymous_10)
FNDA:0,(anonymous_11)
FNDA:0,(anonymous_12)
FNDA:0,(anonymous_13)
FNDA:0,(anonymous_14)
FNDA:0,(anonymous_15)
FNDA:0,(anonymous_16)
FNDA:0,(anonymous_17)
FNDA:0,(anonymous_18)
FNDA:0,(anonymous_19)
FNDA:0,(anonymous_20)
FNDA:0,(anonymous_21)
FNDA:0,(anonymous_22)
FNDA:0,(anonymous_23)
FNDA:0,(anonymous_24)
FNDA:3,(anonymous_25)
FNDA:1,(anonymous_26)
FNDA:1,(anonymous_27)
FNDA:1,(anonymous_28)
FNDA:1,(anonymous_29)
FNDA:1,(anonymous_30)
FNDA:1,(anonymous_31)
FNDA:1,(anonymous_32)
FNDA:1,(anonymous_33)
FNDA:1,(anonymous_34)
FNDA:1,(anonymous_35)
FNDA:2,createStep
DA:43,19
DA:44,19
DA:45,19
DA:47,19
DA:48,19
DA:49,19
DA:51,19
DA:134,19
DA:135,19
DA:136,19
DA:137,19
DA:138,19
DA:143,1
DA:147,1
DA:151,1
DA:155,1
DA:159,0
DA:163,0
DA:167,0
DA:171,0
DA:175,0
DA:179,0
DA:237,3
DA:241,1
DA:245,1
DA:249,1
DA:253,1
DA:257,1
DA:261,1
DA:265,1
DA:269,1
DA:273,1
DA:277,1
DA:282,2
DA:287,2
DA:289,2
LF:36
LH:30
BRDA:42,0,0,19
BRF:1
BRH:1
end_of_record
TN:
SF:src/utilities.js
FN:7,(anonymous_0)
FN:30,(anonymous_1)
FN:39,(anonymous_2)
FN:57,(anonymous_3)
FN:64,(anonymous_4)
FN:68,(anonymous_5)
FN:69,(anonymous_6)
FN:74,(anonymous_7)
FN:76,(anonymous_8)
FN:81,(anonymous_9)
FN:83,(anonymous_10)
FNF:11
FNH:9
FNDA:2,(anonymous_0)
FNDA:1,(anonymous_1)
FNDA:2,(anonymous_2)
FNDA:1,(anonymous_3)
FNDA:1,(anonymous_4)
FNDA:13,(anonymous_5)
FNDA:32,(anonymous_6)
FNDA:0,(anonymous_7)
FNDA:0,(anonymous_8)
FNDA:2,(anonymous_9)
FNDA:1,(anonymous_10)
DA:4,5
DA:8,2
DA:9,0
DA:13,2
DA:14,2
DA:15,2
DA:16,2
DA:17,2
DA:19,0
DA:22,2
DA:23,2
DA:24,0
DA:27,2
DA:31,1
DA:32,1
DA:33,1
DA:35,0
DA:40,2
DA:41,2
DA:42,2
DA:43,2
DA:44,2
DA:45,2
DA:46,2
DA:47,2
DA:50,0
DA:54,0
DA:58,1
DA:63,5
DA:64,1
DA:67,5
DA:68,13
DA:69,32
DA:73,5
DA:74,0
DA:76,0
DA:80,5
DA:81,2
DA:84,1
DA:85,1
DA:86,1
LF:41
LH:33
BRDA:8,0,0,0
BRDA:8,0,1,2
BRDA:8,1,0,2
BRDA:8,1,1,2
BRDA:16,2,0,2
BRDA:16,2,1,0
BRDA:23,3,0,0
BRDA:23,3,1,2
BRDA:30,4,0,1
BRDA:44,5,0,2
BRDA:44,5,1,0
BRF:11
BRH:7
end_of_record
